The system is: Linux - 4.15.7-1-ARCH - x86_64
Compiling the C compiler identification source file "CMakeCCompilerId.c" succeeded.
Compiler: /usr/bin/cc 
Build flags: 
Id flags:  

The output was:
0


Compilation of the C compiler identification source "CMakeCCompilerId.c" produced "a.out"

The C compiler identification is GNU, found in "/home/roger/Projects/ksl/src/CMakeFiles/3.10.2/CompilerIdC/a.out"

Compiling the CXX compiler identification source file "CMakeCXXCompilerId.cpp" succeeded.
Compiler: /usr/bin/c++ 
Build flags: 
Id flags:  

The output was:
0


Compilation of the CXX compiler identification source "CMakeCXXCompilerId.cpp" produced "a.out"

The CXX compiler identification is GNU, found in "/home/roger/Projects/ksl/src/CMakeFiles/3.10.2/CompilerIdCXX/a.out"

Determining if the C compiler works passed with the following output:
Change Dir: /home/roger/Projects/ksl/src/CMakeFiles/CMakeTmp

Run Build Command:"/usr/bin/make" "cmTC_3d048/fast"
/usr/bin/make -f CMakeFiles/cmTC_3d048.dir/build.make CMakeFiles/cmTC_3d048.dir/build
make[1]: Entering directory '/home/roger/Projects/ksl/src/CMakeFiles/CMakeTmp'
Building C object CMakeFiles/cmTC_3d048.dir/testCCompiler.c.o
/usr/bin/cc    -o CMakeFiles/cmTC_3d048.dir/testCCompiler.c.o   -c /home/roger/Projects/ksl/src/CMakeFiles/CMakeTmp/testCCompiler.c
Linking C executable cmTC_3d048
/usr/bin/cmake -E cmake_link_script CMakeFiles/cmTC_3d048.dir/link.txt --verbose=1
/usr/bin/cc      -rdynamic CMakeFiles/cmTC_3d048.dir/testCCompiler.c.o  -o cmTC_3d048 
make[1]: Leaving directory '/home/roger/Projects/ksl/src/CMakeFiles/CMakeTmp'


Detecting C compiler ABI info compiled with the following output:
Change Dir: /home/roger/Projects/ksl/src/CMakeFiles/CMakeTmp

Run Build Command:"/usr/bin/make" "cmTC_723f1/fast"
/usr/bin/make -f CMakeFiles/cmTC_723f1.dir/build.make CMakeFiles/cmTC_723f1.dir/build
make[1]: Entering directory '/home/roger/Projects/ksl/src/CMakeFiles/CMakeTmp'
Building C object CMakeFiles/cmTC_723f1.dir/CMakeCCompilerABI.c.o
/usr/bin/cc    -o CMakeFiles/cmTC_723f1.dir/CMakeCCompilerABI.c.o   -c /usr/share/cmake-3.10/Modules/CMakeCCompilerABI.c
Linking C executable cmTC_723f1
/usr/bin/cmake -E cmake_link_script CMakeFiles/cmTC_723f1.dir/link.txt --verbose=1
/usr/bin/cc     -v -rdynamic CMakeFiles/cmTC_723f1.dir/CMakeCCompilerABI.c.o  -o cmTC_723f1 
Using built-in specs.
COLLECT_GCC=/usr/bin/cc
COLLECT_LTO_WRAPPER=/usr/lib/gcc/x86_64-pc-linux-gnu/7.3.0/lto-wrapper
Target: x86_64-pc-linux-gnu
Configured with: /build/gcc/src/gcc/configure --prefix=/usr --libdir=/usr/lib --libexecdir=/usr/lib --mandir=/usr/share/man --infodir=/usr/share/info --with-bugurl=https://bugs.archlinux.org/ --enable-languages=c,c++,ada,fortran,go,lto,objc,obj-c++ --enable-shared --enable-threads=posix --enable-libmpx --with-system-zlib --with-isl --enable-__cxa_atexit --disable-libunwind-exceptions --enable-clocale=gnu --disable-libstdcxx-pch --disable-libssp --enable-gnu-unique-object --enable-linker-build-id --enable-lto --enable-plugin --enable-install-libiberty --with-linker-hash-style=gnu --enable-gnu-indirect-function --enable-multilib --disable-werror --enable-checking=release --enable-default-pie --enable-default-ssp
Thread model: posix
gcc version 7.3.0 (GCC) 
COMPILER_PATH=/usr/lib/gcc/x86_64-pc-linux-gnu/7.3.0/:/usr/lib/gcc/x86_64-pc-linux-gnu/7.3.0/:/usr/lib/gcc/x86_64-pc-linux-gnu/:/usr/lib/gcc/x86_64-pc-linux-gnu/7.3.0/:/usr/lib/gcc/x86_64-pc-linux-gnu/
LIBRARY_PATH=/usr/lib/gcc/x86_64-pc-linux-gnu/7.3.0/:/usr/lib/gcc/x86_64-pc-linux-gnu/7.3.0/../../../../lib/:/lib/../lib/:/usr/lib/../lib/:/usr/lib/gcc/x86_64-pc-linux-gnu/7.3.0/../../../:/lib/:/usr/lib/
COLLECT_GCC_OPTIONS='-v' '-rdynamic' '-o' 'cmTC_723f1' '-mtune=generic' '-march=x86-64'
 /usr/lib/gcc/x86_64-pc-linux-gnu/7.3.0/collect2 -plugin /usr/lib/gcc/x86_64-pc-linux-gnu/7.3.0/liblto_plugin.so -plugin-opt=/usr/lib/gcc/x86_64-pc-linux-gnu/7.3.0/lto-wrapper -plugin-opt=-fresolution=/tmp/ccpCkkrQ.res -plugin-opt=-pass-through=-lgcc -plugin-opt=-pass-through=-lgcc_s -plugin-opt=-pass-through=-lc -plugin-opt=-pass-through=-lgcc -plugin-opt=-pass-through=-lgcc_s --build-id --eh-frame-hdr --hash-style=gnu -m elf_x86_64 -export-dynamic -dynamic-linker /lib64/ld-linux-x86-64.so.2 -pie -o cmTC_723f1 /usr/lib/gcc/x86_64-pc-linux-gnu/7.3.0/../../../../lib/Scrt1.o /usr/lib/gcc/x86_64-pc-linux-gnu/7.3.0/../../../../lib/crti.o /usr/lib/gcc/x86_64-pc-linux-gnu/7.3.0/crtbeginS.o -L/usr/lib/gcc/x86_64-pc-linux-gnu/7.3.0 -L/usr/lib/gcc/x86_64-pc-linux-gnu/7.3.0/../../../../lib -L/lib/../lib -L/usr/lib/../lib -L/usr/lib/gcc/x86_64-pc-linux-gnu/7.3.0/../../.. CMakeFiles/cmTC_723f1.dir/CMakeCCompilerABI.c.o -lgcc --as-needed -lgcc_s --no-as-needed -lc -lgcc --as-needed -lgcc_s --no-as-needed /usr/lib/gcc/x86_64-pc-linux-gnu/7.3.0/crtendS.o /usr/lib/gcc/x86_64-pc-linux-gnu/7.3.0/../../../../lib/crtn.o
COLLECT_GCC_OPTIONS='-v' '-rdynamic' '-o' 'cmTC_723f1' '-mtune=generic' '-march=x86-64'
make[1]: Leaving directory '/home/roger/Projects/ksl/src/CMakeFiles/CMakeTmp'


Parsed C implicit link information from above output:
  link line regex: [^( *|.*[/\])(ld|CMAKE_LINK_STARTFILE-NOTFOUND|([^/\]+-)?ld|collect2)[^/\]*( |$)]
  ignore line: [Change Dir: /home/roger/Projects/ksl/src/CMakeFiles/CMakeTmp]
  ignore line: []
  ignore line: [Run Build Command:"/usr/bin/make" "cmTC_723f1/fast"]
  ignore line: [/usr/bin/make -f CMakeFiles/cmTC_723f1.dir/build.make CMakeFiles/cmTC_723f1.dir/build]
  ignore line: [make[1]: Entering directory '/home/roger/Projects/ksl/src/CMakeFiles/CMakeTmp']
  ignore line: [Building C object CMakeFiles/cmTC_723f1.dir/CMakeCCompilerABI.c.o]
  ignore line: [/usr/bin/cc    -o CMakeFiles/cmTC_723f1.dir/CMakeCCompilerABI.c.o   -c /usr/share/cmake-3.10/Modules/CMakeCCompilerABI.c]
  ignore line: [Linking C executable cmTC_723f1]
  ignore line: [/usr/bin/cmake -E cmake_link_script CMakeFiles/cmTC_723f1.dir/link.txt --verbose=1]
  ignore line: [/usr/bin/cc     -v -rdynamic CMakeFiles/cmTC_723f1.dir/CMakeCCompilerABI.c.o  -o cmTC_723f1 ]
  ignore line: [Using built-in specs.]
  ignore line: [COLLECT_GCC=/usr/bin/cc]
  ignore line: [COLLECT_LTO_WRAPPER=/usr/lib/gcc/x86_64-pc-linux-gnu/7.3.0/lto-wrapper]
  ignore line: [Target: x86_64-pc-linux-gnu]
  ignore line: [Configured with: /build/gcc/src/gcc/configure --prefix=/usr --libdir=/usr/lib --libexecdir=/usr/lib --mandir=/usr/share/man --infodir=/usr/share/info --with-bugurl=https://bugs.archlinux.org/ --enable-languages=c,c++,ada,fortran,go,lto,objc,obj-c++ --enable-shared --enable-threads=posix --enable-libmpx --with-system-zlib --with-isl --enable-__cxa_atexit --disable-libunwind-exceptions --enable-clocale=gnu --disable-libstdcxx-pch --disable-libssp --enable-gnu-unique-object --enable-linker-build-id --enable-lto --enable-plugin --enable-install-libiberty --with-linker-hash-style=gnu --enable-gnu-indirect-function --enable-multilib --disable-werror --enable-checking=release --enable-default-pie --enable-default-ssp]
  ignore line: [Thread model: posix]
  ignore line: [gcc version 7.3.0 (GCC) ]
  ignore line: [COMPILER_PATH=/usr/lib/gcc/x86_64-pc-linux-gnu/7.3.0/:/usr/lib/gcc/x86_64-pc-linux-gnu/7.3.0/:/usr/lib/gcc/x86_64-pc-linux-gnu/:/usr/lib/gcc/x86_64-pc-linux-gnu/7.3.0/:/usr/lib/gcc/x86_64-pc-linux-gnu/]
  ignore line: [LIBRARY_PATH=/usr/lib/gcc/x86_64-pc-linux-gnu/7.3.0/:/usr/lib/gcc/x86_64-pc-linux-gnu/7.3.0/../../../../lib/:/lib/../lib/:/usr/lib/../lib/:/usr/lib/gcc/x86_64-pc-linux-gnu/7.3.0/../../../:/lib/:/usr/lib/]
  ignore line: [COLLECT_GCC_OPTIONS='-v' '-rdynamic' '-o' 'cmTC_723f1' '-mtune=generic' '-march=x86-64']
  link line: [ /usr/lib/gcc/x86_64-pc-linux-gnu/7.3.0/collect2 -plugin /usr/lib/gcc/x86_64-pc-linux-gnu/7.3.0/liblto_plugin.so -plugin-opt=/usr/lib/gcc/x86_64-pc-linux-gnu/7.3.0/lto-wrapper -plugin-opt=-fresolution=/tmp/ccpCkkrQ.res -plugin-opt=-pass-through=-lgcc -plugin-opt=-pass-through=-lgcc_s -plugin-opt=-pass-through=-lc -plugin-opt=-pass-through=-lgcc -plugin-opt=-pass-through=-lgcc_s --build-id --eh-frame-hdr --hash-style=gnu -m elf_x86_64 -export-dynamic -dynamic-linker /lib64/ld-linux-x86-64.so.2 -pie -o cmTC_723f1 /usr/lib/gcc/x86_64-pc-linux-gnu/7.3.0/../../../../lib/Scrt1.o /usr/lib/gcc/x86_64-pc-linux-gnu/7.3.0/../../../../lib/crti.o /usr/lib/gcc/x86_64-pc-linux-gnu/7.3.0/crtbeginS.o -L/usr/lib/gcc/x86_64-pc-linux-gnu/7.3.0 -L/usr/lib/gcc/x86_64-pc-linux-gnu/7.3.0/../../../../lib -L/lib/../lib -L/usr/lib/../lib -L/usr/lib/gcc/x86_64-pc-linux-gnu/7.3.0/../../.. CMakeFiles/cmTC_723f1.dir/CMakeCCompilerABI.c.o -lgcc --as-needed -lgcc_s --no-as-needed -lc -lgcc --as-needed -lgcc_s --no-as-needed /usr/lib/gcc/x86_64-pc-linux-gnu/7.3.0/crtendS.o /usr/lib/gcc/x86_64-pc-linux-gnu/7.3.0/../../../../lib/crtn.o]
    arg [/usr/lib/gcc/x86_64-pc-linux-gnu/7.3.0/collect2] ==> ignore
    arg [-plugin] ==> ignore
    arg [/usr/lib/gcc/x86_64-pc-linux-gnu/7.3.0/liblto_plugin.so] ==> ignore
    arg [-plugin-opt=/usr/lib/gcc/x86_64-pc-linux-gnu/7.3.0/lto-wrapper] ==> ignore
    arg [-plugin-opt=-fresolution=/tmp/ccpCkkrQ.res] ==> ignore
    arg [-plugin-opt=-pass-through=-lgcc] ==> ignore
    arg [-plugin-opt=-pass-through=-lgcc_s] ==> ignore
    arg [-plugin-opt=-pass-through=-lc] ==> ignore
    arg [-plugin-opt=-pass-through=-lgcc] ==> ignore
    arg [-plugin-opt=-pass-through=-lgcc_s] ==> ignore
    arg [--build-id] ==> ignore
    arg [--eh-frame-hdr] ==> ignore
    arg [--hash-style=gnu] ==> ignore
    arg [-m] ==> ignore
    arg [elf_x86_64] ==> ignore
    arg [-export-dynamic] ==> ignore
    arg [-dynamic-linker] ==> ignore
    arg [/lib64/ld-linux-x86-64.so.2] ==> ignore
    arg [-pie] ==> ignore
    arg [-o] ==> ignore
    arg [cmTC_723f1] ==> ignore
    arg [/usr/lib/gcc/x86_64-pc-linux-gnu/7.3.0/../../../../lib/Scrt1.o] ==> ignore
    arg [/usr/lib/gcc/x86_64-pc-linux-gnu/7.3.0/../../../../lib/crti.o] ==> ignore
    arg [/usr/lib/gcc/x86_64-pc-linux-gnu/7.3.0/crtbeginS.o] ==> ignore
    arg [-L/usr/lib/gcc/x86_64-pc-linux-gnu/7.3.0] ==> dir [/usr/lib/gcc/x86_64-pc-linux-gnu/7.3.0]
    arg [-L/usr/lib/gcc/x86_64-pc-linux-gnu/7.3.0/../../../../lib] ==> dir [/usr/lib/gcc/x86_64-pc-linux-gnu/7.3.0/../../../../lib]
    arg [-L/lib/../lib] ==> dir [/lib/../lib]
    arg [-L/usr/lib/../lib] ==> dir [/usr/lib/../lib]
    arg [-L/usr/lib/gcc/x86_64-pc-linux-gnu/7.3.0/../../..] ==> dir [/usr/lib/gcc/x86_64-pc-linux-gnu/7.3.0/../../..]
    arg [CMakeFiles/cmTC_723f1.dir/CMakeCCompilerABI.c.o] ==> ignore
    arg [-lgcc] ==> lib [gcc]
    arg [--as-needed] ==> ignore
    arg [-lgcc_s] ==> lib [gcc_s]
    arg [--no-as-needed] ==> ignore
    arg [-lc] ==> lib [c]
    arg [-lgcc] ==> lib [gcc]
    arg [--as-needed] ==> ignore
    arg [-lgcc_s] ==> lib [gcc_s]
    arg [--no-as-needed] ==> ignore
    arg [/usr/lib/gcc/x86_64-pc-linux-gnu/7.3.0/crtendS.o] ==> ignore
    arg [/usr/lib/gcc/x86_64-pc-linux-gnu/7.3.0/../../../../lib/crtn.o] ==> ignore
  collapse library dir [/usr/lib/gcc/x86_64-pc-linux-gnu/7.3.0] ==> [/usr/lib/gcc/x86_64-pc-linux-gnu/7.3.0]
  collapse library dir [/usr/lib/gcc/x86_64-pc-linux-gnu/7.3.0/../../../../lib] ==> [/usr/lib]
  collapse library dir [/lib/../lib] ==> [/lib]
  collapse library dir [/usr/lib/../lib] ==> [/usr/lib]
  collapse library dir [/usr/lib/gcc/x86_64-pc-linux-gnu/7.3.0/../../..] ==> [/usr/lib]
  implicit libs: [gcc;gcc_s;c;gcc;gcc_s]
  implicit dirs: [/usr/lib/gcc/x86_64-pc-linux-gnu/7.3.0;/usr/lib;/lib]
  implicit fwks: []




Detecting C [-std=c11] compiler features compiled with the following output:
Change Dir: /home/roger/Projects/ksl/src/CMakeFiles/CMakeTmp

Run Build Command:"/usr/bin/make" "cmTC_05c96/fast"
/usr/bin/make -f CMakeFiles/cmTC_05c96.dir/build.make CMakeFiles/cmTC_05c96.dir/build
make[1]: Entering directory '/home/roger/Projects/ksl/src/CMakeFiles/CMakeTmp'
Building C object CMakeFiles/cmTC_05c96.dir/feature_tests.c.o
/usr/bin/cc   -std=c11 -o CMakeFiles/cmTC_05c96.dir/feature_tests.c.o   -c /home/roger/Projects/ksl/src/CMakeFiles/feature_tests.c
Linking C executable cmTC_05c96
/usr/bin/cmake -E cmake_link_script CMakeFiles/cmTC_05c96.dir/link.txt --verbose=1
/usr/bin/cc      -rdynamic CMakeFiles/cmTC_05c96.dir/feature_tests.c.o  -o cmTC_05c96 
make[1]: Leaving directory '/home/roger/Projects/ksl/src/CMakeFiles/CMakeTmp'


    Feature record: C_FEATURE:1c_function_prototypes
    Feature record: C_FEATURE:1c_restrict
    Feature record: C_FEATURE:1c_static_assert
    Feature record: C_FEATURE:1c_variadic_macros


Detecting C [-std=c99] compiler features compiled with the following output:
Change Dir: /home/roger/Projects/ksl/src/CMakeFiles/CMakeTmp

Run Build Command:"/usr/bin/make" "cmTC_dcabf/fast"
/usr/bin/make -f CMakeFiles/cmTC_dcabf.dir/build.make CMakeFiles/cmTC_dcabf.dir/build
make[1]: Entering directory '/home/roger/Projects/ksl/src/CMakeFiles/CMakeTmp'
Building C object CMakeFiles/cmTC_dcabf.dir/feature_tests.c.o
/usr/bin/cc   -std=c99 -o CMakeFiles/cmTC_dcabf.dir/feature_tests.c.o   -c /home/roger/Projects/ksl/src/CMakeFiles/feature_tests.c
Linking C executable cmTC_dcabf
/usr/bin/cmake -E cmake_link_script CMakeFiles/cmTC_dcabf.dir/link.txt --verbose=1
/usr/bin/cc      -rdynamic CMakeFiles/cmTC_dcabf.dir/feature_tests.c.o  -o cmTC_dcabf 
make[1]: Leaving directory '/home/roger/Projects/ksl/src/CMakeFiles/CMakeTmp'


    Feature record: C_FEATURE:1c_function_prototypes
    Feature record: C_FEATURE:1c_restrict
    Feature record: C_FEATURE:0c_static_assert
    Feature record: C_FEATURE:1c_variadic_macros


Detecting C [-std=c90] compiler features compiled with the following output:
Change Dir: /home/roger/Projects/ksl/src/CMakeFiles/CMakeTmp

Run Build Command:"/usr/bin/make" "cmTC_88a46/fast"
/usr/bin/make -f CMakeFiles/cmTC_88a46.dir/build.make CMakeFiles/cmTC_88a46.dir/build
make[1]: Entering directory '/home/roger/Projects/ksl/src/CMakeFiles/CMakeTmp'
Building C object CMakeFiles/cmTC_88a46.dir/feature_tests.c.o
/usr/bin/cc   -std=c90 -o CMakeFiles/cmTC_88a46.dir/feature_tests.c.o   -c /home/roger/Projects/ksl/src/CMakeFiles/feature_tests.c
Linking C executable cmTC_88a46
/usr/bin/cmake -E cmake_link_script CMakeFiles/cmTC_88a46.dir/link.txt --verbose=1
/usr/bin/cc      -rdynamic CMakeFiles/cmTC_88a46.dir/feature_tests.c.o  -o cmTC_88a46 
make[1]: Leaving directory '/home/roger/Projects/ksl/src/CMakeFiles/CMakeTmp'


    Feature record: C_FEATURE:1c_function_prototypes
    Feature record: C_FEATURE:0c_restrict
    Feature record: C_FEATURE:0c_static_assert
    Feature record: C_FEATURE:0c_variadic_macros
Determining if the CXX compiler works passed with the following output:
Change Dir: /home/roger/Projects/ksl/src/CMakeFiles/CMakeTmp

Run Build Command:"/usr/bin/make" "cmTC_4ddbc/fast"
/usr/bin/make -f CMakeFiles/cmTC_4ddbc.dir/build.make CMakeFiles/cmTC_4ddbc.dir/build
make[1]: Entering directory '/home/roger/Projects/ksl/src/CMakeFiles/CMakeTmp'
Building CXX object CMakeFiles/cmTC_4ddbc.dir/testCXXCompiler.cxx.o
/usr/bin/c++     -o CMakeFiles/cmTC_4ddbc.dir/testCXXCompiler.cxx.o -c /home/roger/Projects/ksl/src/CMakeFiles/CMakeTmp/testCXXCompiler.cxx
Linking CXX executable cmTC_4ddbc
/usr/bin/cmake -E cmake_link_script CMakeFiles/cmTC_4ddbc.dir/link.txt --verbose=1
/usr/bin/c++       -rdynamic CMakeFiles/cmTC_4ddbc.dir/testCXXCompiler.cxx.o  -o cmTC_4ddbc 
make[1]: Leaving directory '/home/roger/Projects/ksl/src/CMakeFiles/CMakeTmp'


Detecting CXX compiler ABI info compiled with the following output:
Change Dir: /home/roger/Projects/ksl/src/CMakeFiles/CMakeTmp

Run Build Command:"/usr/bin/make" "cmTC_59e4f/fast"
/usr/bin/make -f CMakeFiles/cmTC_59e4f.dir/build.make CMakeFiles/cmTC_59e4f.dir/build
make[1]: Entering directory '/home/roger/Projects/ksl/src/CMakeFiles/CMakeTmp'
Building CXX object CMakeFiles/cmTC_59e4f.dir/CMakeCXXCompilerABI.cpp.o
/usr/bin/c++     -o CMakeFiles/cmTC_59e4f.dir/CMakeCXXCompilerABI.cpp.o -c /usr/share/cmake-3.10/Modules/CMakeCXXCompilerABI.cpp
Linking CXX executable cmTC_59e4f
/usr/bin/cmake -E cmake_link_script CMakeFiles/cmTC_59e4f.dir/link.txt --verbose=1
/usr/bin/c++      -v -rdynamic CMakeFiles/cmTC_59e4f.dir/CMakeCXXCompilerABI.cpp.o  -o cmTC_59e4f 
Using built-in specs.
COLLECT_GCC=/usr/bin/c++
COLLECT_LTO_WRAPPER=/usr/lib/gcc/x86_64-pc-linux-gnu/7.3.0/lto-wrapper
Target: x86_64-pc-linux-gnu
Configured with: /build/gcc/src/gcc/configure --prefix=/usr --libdir=/usr/lib --libexecdir=/usr/lib --mandir=/usr/share/man --infodir=/usr/share/info --with-bugurl=https://bugs.archlinux.org/ --enable-languages=c,c++,ada,fortran,go,lto,objc,obj-c++ --enable-shared --enable-threads=posix --enable-libmpx --with-system-zlib --with-isl --enable-__cxa_atexit --disable-libunwind-exceptions --enable-clocale=gnu --disable-libstdcxx-pch --disable-libssp --enable-gnu-unique-object --enable-linker-build-id --enable-lto --enable-plugin --enable-install-libiberty --with-linker-hash-style=gnu --enable-gnu-indirect-function --enable-multilib --disable-werror --enable-checking=release --enable-default-pie --enable-default-ssp
Thread model: posix
gcc version 7.3.0 (GCC) 
COMPILER_PATH=/usr/lib/gcc/x86_64-pc-linux-gnu/7.3.0/:/usr/lib/gcc/x86_64-pc-linux-gnu/7.3.0/:/usr/lib/gcc/x86_64-pc-linux-gnu/:/usr/lib/gcc/x86_64-pc-linux-gnu/7.3.0/:/usr/lib/gcc/x86_64-pc-linux-gnu/
LIBRARY_PATH=/usr/lib/gcc/x86_64-pc-linux-gnu/7.3.0/:/usr/lib/gcc/x86_64-pc-linux-gnu/7.3.0/../../../../lib/:/lib/../lib/:/usr/lib/../lib/:/usr/lib/gcc/x86_64-pc-linux-gnu/7.3.0/../../../:/lib/:/usr/lib/
COLLECT_GCC_OPTIONS='-v' '-rdynamic' '-o' 'cmTC_59e4f' '-shared-libgcc' '-mtune=generic' '-march=x86-64'
 /usr/lib/gcc/x86_64-pc-linux-gnu/7.3.0/collect2 -plugin /usr/lib/gcc/x86_64-pc-linux-gnu/7.3.0/liblto_plugin.so -plugin-opt=/usr/lib/gcc/x86_64-pc-linux-gnu/7.3.0/lto-wrapper -plugin-opt=-fresolution=/tmp/cciPCHCb.res -plugin-opt=-pass-through=-lgcc_s -plugin-opt=-pass-through=-lgcc -plugin-opt=-pass-through=-lc -plugin-opt=-pass-through=-lgcc_s -plugin-opt=-pass-through=-lgcc --build-id --eh-frame-hdr --hash-style=gnu -m elf_x86_64 -export-dynamic -dynamic-linker /lib64/ld-linux-x86-64.so.2 -pie -o cmTC_59e4f /usr/lib/gcc/x86_64-pc-linux-gnu/7.3.0/../../../../lib/Scrt1.o /usr/lib/gcc/x86_64-pc-linux-gnu/7.3.0/../../../../lib/crti.o /usr/lib/gcc/x86_64-pc-linux-gnu/7.3.0/crtbeginS.o -L/usr/lib/gcc/x86_64-pc-linux-gnu/7.3.0 -L/usr/lib/gcc/x86_64-pc-linux-gnu/7.3.0/../../../../lib -L/lib/../lib -L/usr/lib/../lib -L/usr/lib/gcc/x86_64-pc-linux-gnu/7.3.0/../../.. CMakeFiles/cmTC_59e4f.dir/CMakeCXXCompilerABI.cpp.o -lstdc++ -lm -lgcc_s -lgcc -lc -lgcc_s -lgcc /usr/lib/gcc/x86_64-pc-linux-gnu/7.3.0/crtendS.o /usr/lib/gcc/x86_64-pc-linux-gnu/7.3.0/../../../../lib/crtn.o
COLLECT_GCC_OPTIONS='-v' '-rdynamic' '-o' 'cmTC_59e4f' '-shared-libgcc' '-mtune=generic' '-march=x86-64'
make[1]: Leaving directory '/home/roger/Projects/ksl/src/CMakeFiles/CMakeTmp'


Parsed CXX implicit link information from above output:
  link line regex: [^( *|.*[/\])(ld|CMAKE_LINK_STARTFILE-NOTFOUND|([^/\]+-)?ld|collect2)[^/\]*( |$)]
  ignore line: [Change Dir: /home/roger/Projects/ksl/src/CMakeFiles/CMakeTmp]
  ignore line: []
  ignore line: [Run Build Command:"/usr/bin/make" "cmTC_59e4f/fast"]
  ignore line: [/usr/bin/make -f CMakeFiles/cmTC_59e4f.dir/build.make CMakeFiles/cmTC_59e4f.dir/build]
  ignore line: [make[1]: Entering directory '/home/roger/Projects/ksl/src/CMakeFiles/CMakeTmp']
  ignore line: [Building CXX object CMakeFiles/cmTC_59e4f.dir/CMakeCXXCompilerABI.cpp.o]
  ignore line: [/usr/bin/c++     -o CMakeFiles/cmTC_59e4f.dir/CMakeCXXCompilerABI.cpp.o -c /usr/share/cmake-3.10/Modules/CMakeCXXCompilerABI.cpp]
  ignore line: [Linking CXX executable cmTC_59e4f]
  ignore line: [/usr/bin/cmake -E cmake_link_script CMakeFiles/cmTC_59e4f.dir/link.txt --verbose=1]
  ignore line: [/usr/bin/c++      -v -rdynamic CMakeFiles/cmTC_59e4f.dir/CMakeCXXCompilerABI.cpp.o  -o cmTC_59e4f ]
  ignore line: [Using built-in specs.]
  ignore line: [COLLECT_GCC=/usr/bin/c++]
  ignore line: [COLLECT_LTO_WRAPPER=/usr/lib/gcc/x86_64-pc-linux-gnu/7.3.0/lto-wrapper]
  ignore line: [Target: x86_64-pc-linux-gnu]
  ignore line: [Configured with: /build/gcc/src/gcc/configure --prefix=/usr --libdir=/usr/lib --libexecdir=/usr/lib --mandir=/usr/share/man --infodir=/usr/share/info --with-bugurl=https://bugs.archlinux.org/ --enable-languages=c,c++,ada,fortran,go,lto,objc,obj-c++ --enable-shared --enable-threads=posix --enable-libmpx --with-system-zlib --with-isl --enable-__cxa_atexit --disable-libunwind-exceptions --enable-clocale=gnu --disable-libstdcxx-pch --disable-libssp --enable-gnu-unique-object --enable-linker-build-id --enable-lto --enable-plugin --enable-install-libiberty --with-linker-hash-style=gnu --enable-gnu-indirect-function --enable-multilib --disable-werror --enable-checking=release --enable-default-pie --enable-default-ssp]
  ignore line: [Thread model: posix]
  ignore line: [gcc version 7.3.0 (GCC) ]
  ignore line: [COMPILER_PATH=/usr/lib/gcc/x86_64-pc-linux-gnu/7.3.0/:/usr/lib/gcc/x86_64-pc-linux-gnu/7.3.0/:/usr/lib/gcc/x86_64-pc-linux-gnu/:/usr/lib/gcc/x86_64-pc-linux-gnu/7.3.0/:/usr/lib/gcc/x86_64-pc-linux-gnu/]
  ignore line: [LIBRARY_PATH=/usr/lib/gcc/x86_64-pc-linux-gnu/7.3.0/:/usr/lib/gcc/x86_64-pc-linux-gnu/7.3.0/../../../../lib/:/lib/../lib/:/usr/lib/../lib/:/usr/lib/gcc/x86_64-pc-linux-gnu/7.3.0/../../../:/lib/:/usr/lib/]
  ignore line: [COLLECT_GCC_OPTIONS='-v' '-rdynamic' '-o' 'cmTC_59e4f' '-shared-libgcc' '-mtune=generic' '-march=x86-64']
  link line: [ /usr/lib/gcc/x86_64-pc-linux-gnu/7.3.0/collect2 -plugin /usr/lib/gcc/x86_64-pc-linux-gnu/7.3.0/liblto_plugin.so -plugin-opt=/usr/lib/gcc/x86_64-pc-linux-gnu/7.3.0/lto-wrapper -plugin-opt=-fresolution=/tmp/cciPCHCb.res -plugin-opt=-pass-through=-lgcc_s -plugin-opt=-pass-through=-lgcc -plugin-opt=-pass-through=-lc -plugin-opt=-pass-through=-lgcc_s -plugin-opt=-pass-through=-lgcc --build-id --eh-frame-hdr --hash-style=gnu -m elf_x86_64 -export-dynamic -dynamic-linker /lib64/ld-linux-x86-64.so.2 -pie -o cmTC_59e4f /usr/lib/gcc/x86_64-pc-linux-gnu/7.3.0/../../../../lib/Scrt1.o /usr/lib/gcc/x86_64-pc-linux-gnu/7.3.0/../../../../lib/crti.o /usr/lib/gcc/x86_64-pc-linux-gnu/7.3.0/crtbeginS.o -L/usr/lib/gcc/x86_64-pc-linux-gnu/7.3.0 -L/usr/lib/gcc/x86_64-pc-linux-gnu/7.3.0/../../../../lib -L/lib/../lib -L/usr/lib/../lib -L/usr/lib/gcc/x86_64-pc-linux-gnu/7.3.0/../../.. CMakeFiles/cmTC_59e4f.dir/CMakeCXXCompilerABI.cpp.o -lstdc++ -lm -lgcc_s -lgcc -lc -lgcc_s -lgcc /usr/lib/gcc/x86_64-pc-linux-gnu/7.3.0/crtendS.o /usr/lib/gcc/x86_64-pc-linux-gnu/7.3.0/../../../../lib/crtn.o]
    arg [/usr/lib/gcc/x86_64-pc-linux-gnu/7.3.0/collect2] ==> ignore
    arg [-plugin] ==> ignore
    arg [/usr/lib/gcc/x86_64-pc-linux-gnu/7.3.0/liblto_plugin.so] ==> ignore
    arg [-plugin-opt=/usr/lib/gcc/x86_64-pc-linux-gnu/7.3.0/lto-wrapper] ==> ignore
    arg [-plugin-opt=-fresolution=/tmp/cciPCHCb.res] ==> ignore
    arg [-plugin-opt=-pass-through=-lgcc_s] ==> ignore
    arg [-plugin-opt=-pass-through=-lgcc] ==> ignore
    arg [-plugin-opt=-pass-through=-lc] ==> ignore
    arg [-plugin-opt=-pass-through=-lgcc_s] ==> ignore
    arg [-plugin-opt=-pass-through=-lgcc] ==> ignore
    arg [--build-id] ==> ignore
    arg [--eh-frame-hdr] ==> ignore
    arg [--hash-style=gnu] ==> ignore
    arg [-m] ==> ignore
    arg [elf_x86_64] ==> ignore
    arg [-export-dynamic] ==> ignore
    arg [-dynamic-linker] ==> ignore
    arg [/lib64/ld-linux-x86-64.so.2] ==> ignore
    arg [-pie] ==> ignore
    arg [-o] ==> ignore
    arg [cmTC_59e4f] ==> ignore
    arg [/usr/lib/gcc/x86_64-pc-linux-gnu/7.3.0/../../../../lib/Scrt1.o] ==> ignore
    arg [/usr/lib/gcc/x86_64-pc-linux-gnu/7.3.0/../../../../lib/crti.o] ==> ignore
    arg [/usr/lib/gcc/x86_64-pc-linux-gnu/7.3.0/crtbeginS.o] ==> ignore
    arg [-L/usr/lib/gcc/x86_64-pc-linux-gnu/7.3.0] ==> dir [/usr/lib/gcc/x86_64-pc-linux-gnu/7.3.0]
    arg [-L/usr/lib/gcc/x86_64-pc-linux-gnu/7.3.0/../../../../lib] ==> dir [/usr/lib/gcc/x86_64-pc-linux-gnu/7.3.0/../../../../lib]
    arg [-L/lib/../lib] ==> dir [/lib/../lib]
    arg [-L/usr/lib/../lib] ==> dir [/usr/lib/../lib]
    arg [-L/usr/lib/gcc/x86_64-pc-linux-gnu/7.3.0/../../..] ==> dir [/usr/lib/gcc/x86_64-pc-linux-gnu/7.3.0/../../..]
    arg [CMakeFiles/cmTC_59e4f.dir/CMakeCXXCompilerABI.cpp.o] ==> ignore
    arg [-lstdc++] ==> lib [stdc++]
    arg [-lm] ==> lib [m]
    arg [-lgcc_s] ==> lib [gcc_s]
    arg [-lgcc] ==> lib [gcc]
    arg [-lc] ==> lib [c]
    arg [-lgcc_s] ==> lib [gcc_s]
    arg [-lgcc] ==> lib [gcc]
    arg [/usr/lib/gcc/x86_64-pc-linux-gnu/7.3.0/crtendS.o] ==> ignore
    arg [/usr/lib/gcc/x86_64-pc-linux-gnu/7.3.0/../../../../lib/crtn.o] ==> ignore
  collapse library dir [/usr/lib/gcc/x86_64-pc-linux-gnu/7.3.0] ==> [/usr/lib/gcc/x86_64-pc-linux-gnu/7.3.0]
  collapse library dir [/usr/lib/gcc/x86_64-pc-linux-gnu/7.3.0/../../../../lib] ==> [/usr/lib]
  collapse library dir [/lib/../lib] ==> [/lib]
  collapse library dir [/usr/lib/../lib] ==> [/usr/lib]
  collapse library dir [/usr/lib/gcc/x86_64-pc-linux-gnu/7.3.0/../../..] ==> [/usr/lib]
  implicit libs: [stdc++;m;gcc_s;gcc;c;gcc_s;gcc]
  implicit dirs: [/usr/lib/gcc/x86_64-pc-linux-gnu/7.3.0;/usr/lib;/lib]
  implicit fwks: []




Detecting CXX [-std=c++1z] compiler features compiled with the following output:
Change Dir: /home/roger/Projects/ksl/src/CMakeFiles/CMakeTmp

Run Build Command:"/usr/bin/make" "cmTC_f7e44/fast"
/usr/bin/make -f CMakeFiles/cmTC_f7e44.dir/build.make CMakeFiles/cmTC_f7e44.dir/build
make[1]: Entering directory '/home/roger/Projects/ksl/src/CMakeFiles/CMakeTmp'
Building CXX object CMakeFiles/cmTC_f7e44.dir/feature_tests.cxx.o
/usr/bin/c++    -std=c++1z -o CMakeFiles/cmTC_f7e44.dir/feature_tests.cxx.o -c /home/roger/Projects/ksl/src/CMakeFiles/feature_tests.cxx
Linking CXX executable cmTC_f7e44
/usr/bin/cmake -E cmake_link_script CMakeFiles/cmTC_f7e44.dir/link.txt --verbose=1
/usr/bin/c++       -rdynamic CMakeFiles/cmTC_f7e44.dir/feature_tests.cxx.o  -o cmTC_f7e44 
make[1]: Leaving directory '/home/roger/Projects/ksl/src/CMakeFiles/CMakeTmp'


    Feature record: CXX_FEATURE:1cxx_aggregate_default_initializers
    Feature record: CXX_FEATURE:1cxx_alias_templates
    Feature record: CXX_FEATURE:1cxx_alignas
    Feature record: CXX_FEATURE:1cxx_alignof
    Feature record: CXX_FEATURE:1cxx_attributes
    Feature record: CXX_FEATURE:1cxx_attribute_deprecated
    Feature record: CXX_FEATURE:1cxx_auto_type
    Feature record: CXX_FEATURE:1cxx_binary_literals
    Feature record: CXX_FEATURE:1cxx_constexpr
    Feature record: CXX_FEATURE:1cxx_contextual_conversions
    Feature record: CXX_FEATURE:1cxx_decltype
    Feature record: CXX_FEATURE:1cxx_decltype_auto
    Feature record: CXX_FEATURE:1cxx_decltype_incomplete_return_types
    Feature record: CXX_FEATURE:1cxx_default_function_template_args
    Feature record: CXX_FEATURE:1cxx_defaulted_functions
    Feature record: CXX_FEATURE:1cxx_defaulted_move_initializers
    Feature record: CXX_FEATURE:1cxx_delegating_constructors
    Feature record: CXX_FEATURE:1cxx_deleted_functions
    Feature record: CXX_FEATURE:1cxx_digit_separators
    Feature record: CXX_FEATURE:1cxx_enum_forward_declarations
    Feature record: CXX_FEATURE:1cxx_explicit_conversions
    Feature record: CXX_FEATURE:1cxx_extended_friend_declarations
    Feature record: CXX_FEATURE:1cxx_extern_templates
    Feature record: CXX_FEATURE:1cxx_final
    Feature record: CXX_FEATURE:1cxx_func_identifier
    Feature record: CXX_FEATURE:1cxx_generalized_initializers
    Feature record: CXX_FEATURE:1cxx_generic_lambdas
    Feature record: CXX_FEATURE:1cxx_inheriting_constructors
    Feature record: CXX_FEATURE:1cxx_inline_namespaces
    Feature record: CXX_FEATURE:1cxx_lambdas
    Feature record: CXX_FEATURE:1cxx_lambda_init_captures
    Feature record: CXX_FEATURE:1cxx_local_type_template_args
    Feature record: CXX_FEATURE:1cxx_long_long_type
    Feature record: CXX_FEATURE:1cxx_noexcept
    Feature record: CXX_FEATURE:1cxx_nonstatic_member_init
    Feature record: CXX_FEATURE:1cxx_nullptr
    Feature record: CXX_FEATURE:1cxx_override
    Feature record: CXX_FEATURE:1cxx_range_for
    Feature record: CXX_FEATURE:1cxx_raw_string_literals
    Feature record: CXX_FEATURE:1cxx_reference_qualified_functions
    Feature record: CXX_FEATURE:1cxx_relaxed_constexpr
    Feature record: CXX_FEATURE:1cxx_return_type_deduction
    Feature record: CXX_FEATURE:1cxx_right_angle_brackets
    Feature record: CXX_FEATURE:1cxx_rvalue_references
    Feature record: CXX_FEATURE:1cxx_sizeof_member
    Feature record: CXX_FEATURE:1cxx_static_assert
    Feature record: CXX_FEATURE:1cxx_strong_enums
    Feature record: CXX_FEATURE:1cxx_template_template_parameters
    Feature record: CXX_FEATURE:1cxx_thread_local
    Feature record: CXX_FEATURE:1cxx_trailing_return_types
    Feature record: CXX_FEATURE:1cxx_unicode_literals
    Feature record: CXX_FEATURE:1cxx_uniform_initialization
    Feature record: CXX_FEATURE:1cxx_unrestricted_unions
    Feature record: CXX_FEATURE:1cxx_user_literals
    Feature record: CXX_FEATURE:1cxx_variable_templates
    Feature record: CXX_FEATURE:1cxx_variadic_macros
    Feature record: CXX_FEATURE:1cxx_variadic_templates


Detecting CXX [-std=c++14] compiler features compiled with the following output:
Change Dir: /home/roger/Projects/ksl/src/CMakeFiles/CMakeTmp

Run Build Command:"/usr/bin/make" "cmTC_9314f/fast"
/usr/bin/make -f CMakeFiles/cmTC_9314f.dir/build.make CMakeFiles/cmTC_9314f.dir/build
make[1]: Entering directory '/home/roger/Projects/ksl/src/CMakeFiles/CMakeTmp'
Building CXX object CMakeFiles/cmTC_9314f.dir/feature_tests.cxx.o
/usr/bin/c++    -std=c++14 -o CMakeFiles/cmTC_9314f.dir/feature_tests.cxx.o -c /home/roger/Projects/ksl/src/CMakeFiles/feature_tests.cxx
Linking CXX executable cmTC_9314f
/usr/bin/cmake -E cmake_link_script CMakeFiles/cmTC_9314f.dir/link.txt --verbose=1
/usr/bin/c++       -rdynamic CMakeFiles/cmTC_9314f.dir/feature_tests.cxx.o  -o cmTC_9314f 
make[1]: Leaving directory '/home/roger/Projects/ksl/src/CMakeFiles/CMakeTmp'


    Feature record: CXX_FEATURE:1cxx_aggregate_default_initializers
    Feature record: CXX_FEATURE:1cxx_alias_templates
    Feature record: CXX_FEATURE:1cxx_alignas
    Feature record: CXX_FEATURE:1cxx_alignof
    Feature record: CXX_FEATURE:1cxx_attributes
    Feature record: CXX_FEATURE:1cxx_attribute_deprecated
    Feature record: CXX_FEATURE:1cxx_auto_type
    Feature record: CXX_FEATURE:1cxx_binary_literals
    Feature record: CXX_FEATURE:1cxx_constexpr
    Feature record: CXX_FEATURE:1cxx_contextual_conversions
    Feature record: CXX_FEATURE:1cxx_decltype
    Feature record: CXX_FEATURE:1cxx_decltype_auto
    Feature record: CXX_FEATURE:1cxx_decltype_incomplete_return_types
    Feature record: CXX_FEATURE:1cxx_default_function_template_args
    Feature record: CXX_FEATURE:1cxx_defaulted_functions
    Feature record: CXX_FEATURE:1cxx_defaulted_move_initializers
    Feature record: CXX_FEATURE:1cxx_delegating_constructors
    Feature record: CXX_FEATURE:1cxx_deleted_functions
    Feature record: CXX_FEATURE:1cxx_digit_separators
    Feature record: CXX_FEATURE:1cxx_enum_forward_declarations
    Feature record: CXX_FEATURE:1cxx_explicit_conversions
    Feature record: CXX_FEATURE:1cxx_extended_friend_declarations
    Feature record: CXX_FEATURE:1cxx_extern_templates
    Feature record: CXX_FEATURE:1cxx_final
    Feature record: CXX_FEATURE:1cxx_func_identifier
    Feature record: CXX_FEATURE:1cxx_generalized_initializers
    Feature record: CXX_FEATURE:1cxx_generic_lambdas
    Feature record: CXX_FEATURE:1cxx_inheriting_constructors
    Feature record: CXX_FEATURE:1cxx_inline_namespaces
    Feature record: CXX_FEATURE:1cxx_lambdas
    Feature record: CXX_FEATURE:1cxx_lambda_init_captures
    Feature record: CXX_FEATURE:1cxx_local_type_template_args
    Feature record: CXX_FEATURE:1cxx_long_long_type
    Feature record: CXX_FEATURE:1cxx_noexcept
    Feature record: CXX_FEATURE:1cxx_nonstatic_member_init
    Feature record: CXX_FEATURE:1cxx_nullptr
    Feature record: CXX_FEATURE:1cxx_override
    Feature record: CXX_FEATURE:1cxx_range_for
    Feature record: CXX_FEATURE:1cxx_raw_string_literals
    Feature record: CXX_FEATURE:1cxx_reference_qualified_functions
    Feature record: CXX_FEATURE:1cxx_relaxed_constexpr
    Feature record: CXX_FEATURE:1cxx_return_type_deduction
    Feature record: CXX_FEATURE:1cxx_right_angle_brackets
    Feature record: CXX_FEATURE:1cxx_rvalue_references
    Feature record: CXX_FEATURE:1cxx_sizeof_member
    Feature record: CXX_FEATURE:1cxx_static_assert
    Feature record: CXX_FEATURE:1cxx_strong_enums
    Feature record: CXX_FEATURE:1cxx_template_template_parameters
    Feature record: CXX_FEATURE:1cxx_thread_local
    Feature record: CXX_FEATURE:1cxx_trailing_return_types
    Feature record: CXX_FEATURE:1cxx_unicode_literals
    Feature record: CXX_FEATURE:1cxx_uniform_initialization
    Feature record: CXX_FEATURE:1cxx_unrestricted_unions
    Feature record: CXX_FEATURE:1cxx_user_literals
    Feature record: CXX_FEATURE:1cxx_variable_templates
    Feature record: CXX_FEATURE:1cxx_variadic_macros
    Feature record: CXX_FEATURE:1cxx_variadic_templates


Detecting CXX [-std=c++11] compiler features compiled with the following output:
Change Dir: /home/roger/Projects/ksl/src/CMakeFiles/CMakeTmp

Run Build Command:"/usr/bin/make" "cmTC_8663b/fast"
/usr/bin/make -f CMakeFiles/cmTC_8663b.dir/build.make CMakeFiles/cmTC_8663b.dir/build
make[1]: Entering directory '/home/roger/Projects/ksl/src/CMakeFiles/CMakeTmp'
Building CXX object CMakeFiles/cmTC_8663b.dir/feature_tests.cxx.o
/usr/bin/c++    -std=c++11 -o CMakeFiles/cmTC_8663b.dir/feature_tests.cxx.o -c /home/roger/Projects/ksl/src/CMakeFiles/feature_tests.cxx
Linking CXX executable cmTC_8663b
/usr/bin/cmake -E cmake_link_script CMakeFiles/cmTC_8663b.dir/link.txt --verbose=1
/usr/bin/c++       -rdynamic CMakeFiles/cmTC_8663b.dir/feature_tests.cxx.o  -o cmTC_8663b 
make[1]: Leaving directory '/home/roger/Projects/ksl/src/CMakeFiles/CMakeTmp'


    Feature record: CXX_FEATURE:0cxx_aggregate_default_initializers
    Feature record: CXX_FEATURE:1cxx_alias_templates
    Feature record: CXX_FEATURE:1cxx_alignas
    Feature record: CXX_FEATURE:1cxx_alignof
    Feature record: CXX_FEATURE:1cxx_attributes
    Feature record: CXX_FEATURE:0cxx_attribute_deprecated
    Feature record: CXX_FEATURE:1cxx_auto_type
    Feature record: CXX_FEATURE:0cxx_binary_literals
    Feature record: CXX_FEATURE:1cxx_constexpr
    Feature record: CXX_FEATURE:0cxx_contextual_conversions
    Feature record: CXX_FEATURE:1cxx_decltype
    Feature record: CXX_FEATURE:0cxx_decltype_auto
    Feature record: CXX_FEATURE:1cxx_decltype_incomplete_return_types
    Feature record: CXX_FEATURE:1cxx_default_function_template_args
    Feature record: CXX_FEATURE:1cxx_defaulted_functions
    Feature record: CXX_FEATURE:1cxx_defaulted_move_initializers
    Feature record: CXX_FEATURE:1cxx_delegating_constructors
    Feature record: CXX_FEATURE:1cxx_deleted_functions
    Feature record: CXX_FEATURE:0cxx_digit_separators
    Feature record: CXX_FEATURE:1cxx_enum_forward_declarations
    Feature record: CXX_FEATURE:1cxx_explicit_conversions
    Feature record: CXX_FEATURE:1cxx_extended_friend_declarations
    Feature record: CXX_FEATURE:1cxx_extern_templates
    Feature record: CXX_FEATURE:1cxx_final
    Feature record: CXX_FEATURE:1cxx_func_identifier
    Feature record: CXX_FEATURE:1cxx_generalized_initializers
    Feature record: CXX_FEATURE:0cxx_generic_lambdas
    Feature record: CXX_FEATURE:1cxx_inheriting_constructors
    Feature record: CXX_FEATURE:1cxx_inline_namespaces
    Feature record: CXX_FEATURE:1cxx_lambdas
    Feature record: CXX_FEATURE:0cxx_lambda_init_captures
    Feature record: CXX_FEATURE:1cxx_local_type_template_args
    Feature record: CXX_FEATURE:1cxx_long_long_type
    Feature record: CXX_FEATURE:1cxx_noexcept
    Feature record: CXX_FEATURE:1cxx_nonstatic_member_init
    Feature record: CXX_FEATURE:1cxx_nullptr
    Feature record: CXX_FEATURE:1cxx_override
    Feature record: CXX_FEATURE:1cxx_range_for
    Feature record: CXX_FEATURE:1cxx_raw_string_literals
    Feature record: CXX_FEATURE:1cxx_reference_qualified_functions
    Feature record: CXX_FEATURE:0cxx_relaxed_constexpr
    Feature record: CXX_FEATURE:0cxx_return_type_deduction
    Feature record: CXX_FEATURE:1cxx_right_angle_brackets
    Feature record: CXX_FEATURE:1cxx_rvalue_references
    Feature record: CXX_FEATURE:1cxx_sizeof_member
    Feature record: CXX_FEATURE:1cxx_static_assert
    Feature record: CXX_FEATURE:1cxx_strong_enums
    Feature record: CXX_FEATURE:1cxx_template_template_parameters
    Feature record: CXX_FEATURE:1cxx_thread_local
    Feature record: CXX_FEATURE:1cxx_trailing_return_types
    Feature record: CXX_FEATURE:1cxx_unicode_literals
    Feature record: CXX_FEATURE:1cxx_uniform_initialization
    Feature record: CXX_FEATURE:1cxx_unrestricted_unions
    Feature record: CXX_FEATURE:1cxx_user_literals
    Feature record: CXX_FEATURE:0cxx_variable_templates
    Feature record: CXX_FEATURE:1cxx_variadic_macros
    Feature record: CXX_FEATURE:1cxx_variadic_templates


Detecting CXX [-std=c++98] compiler features compiled with the following output:
Change Dir: /home/roger/Projects/ksl/src/CMakeFiles/CMakeTmp

Run Build Command:"/usr/bin/make" "cmTC_c7cd9/fast"
/usr/bin/make -f CMakeFiles/cmTC_c7cd9.dir/build.make CMakeFiles/cmTC_c7cd9.dir/build
make[1]: Entering directory '/home/roger/Projects/ksl/src/CMakeFiles/CMakeTmp'
Building CXX object CMakeFiles/cmTC_c7cd9.dir/feature_tests.cxx.o
/usr/bin/c++    -std=c++98 -o CMakeFiles/cmTC_c7cd9.dir/feature_tests.cxx.o -c /home/roger/Projects/ksl/src/CMakeFiles/feature_tests.cxx
Linking CXX executable cmTC_c7cd9
/usr/bin/cmake -E cmake_link_script CMakeFiles/cmTC_c7cd9.dir/link.txt --verbose=1
/usr/bin/c++       -rdynamic CMakeFiles/cmTC_c7cd9.dir/feature_tests.cxx.o  -o cmTC_c7cd9 
make[1]: Leaving directory '/home/roger/Projects/ksl/src/CMakeFiles/CMakeTmp'


    Feature record: CXX_FEATURE:0cxx_aggregate_default_initializers
    Feature record: CXX_FEATURE:0cxx_alias_templates
    Feature record: CXX_FEATURE:0cxx_alignas
    Feature record: CXX_FEATURE:0cxx_alignof
    Feature record: CXX_FEATURE:0cxx_attributes
    Feature record: CXX_FEATURE:0cxx_attribute_deprecated
    Feature record: CXX_FEATURE:0cxx_auto_type
    Feature record: CXX_FEATURE:0cxx_binary_literals
    Feature record: CXX_FEATURE:0cxx_constexpr
    Feature record: CXX_FEATURE:0cxx_contextual_conversions
    Feature record: CXX_FEATURE:0cxx_decltype
    Feature record: CXX_FEATURE:0cxx_decltype_auto
    Feature record: CXX_FEATURE:0cxx_decltype_incomplete_return_types
    Feature record: CXX_FEATURE:0cxx_default_function_template_args
    Feature record: CXX_FEATURE:0cxx_defaulted_functions
    Feature record: CXX_FEATURE:0cxx_defaulted_move_initializers
    Feature record: CXX_FEATURE:0cxx_delegating_constructors
    Feature record: CXX_FEATURE:0cxx_deleted_functions
    Feature record: CXX_FEATURE:0cxx_digit_separators
    Feature record: CXX_FEATURE:0cxx_enum_forward_declarations
    Feature record: CXX_FEATURE:0cxx_explicit_conversions
    Feature record: CXX_FEATURE:0cxx_extended_friend_declarations
    Feature record: CXX_FEATURE:0cxx_extern_templates
    Feature record: CXX_FEATURE:0cxx_final
    Feature record: CXX_FEATURE:0cxx_func_identifier
    Feature record: CXX_FEATURE:0cxx_generalized_initializers
    Feature record: CXX_FEATURE:0cxx_generic_lambdas
    Feature record: CXX_FEATURE:0cxx_inheriting_constructors
    Feature record: CXX_FEATURE:0cxx_inline_namespaces
    Feature record: CXX_FEATURE:0cxx_lambdas
    Feature record: CXX_FEATURE:0cxx_lambda_init_captures
    Feature record: CXX_FEATURE:0cxx_local_type_template_args
    Feature record: CXX_FEATURE:0cxx_long_long_type
    Feature record: CXX_FEATURE:0cxx_noexcept
    Feature record: CXX_FEATURE:0cxx_nonstatic_member_init
    Feature record: CXX_FEATURE:0cxx_nullptr
    Feature record: CXX_FEATURE:0cxx_override
    Feature record: CXX_FEATURE:0cxx_range_for
    Feature record: CXX_FEATURE:0cxx_raw_string_literals
    Feature record: CXX_FEATURE:0cxx_reference_qualified_functions
    Feature record: CXX_FEATURE:0cxx_relaxed_constexpr
    Feature record: CXX_FEATURE:0cxx_return_type_deduction
    Feature record: CXX_FEATURE:0cxx_right_angle_brackets
    Feature record: CXX_FEATURE:0cxx_rvalue_references
    Feature record: CXX_FEATURE:0cxx_sizeof_member
    Feature record: CXX_FEATURE:0cxx_static_assert
    Feature record: CXX_FEATURE:0cxx_strong_enums
    Feature record: CXX_FEATURE:1cxx_template_template_parameters
    Feature record: CXX_FEATURE:0cxx_thread_local
    Feature record: CXX_FEATURE:0cxx_trailing_return_types
    Feature record: CXX_FEATURE:0cxx_unicode_literals
    Feature record: CXX_FEATURE:0cxx_uniform_initialization
    Feature record: CXX_FEATURE:0cxx_unrestricted_unions
    Feature record: CXX_FEATURE:0cxx_user_literals
    Feature record: CXX_FEATURE:0cxx_variable_templates
    Feature record: CXX_FEATURE:0cxx_variadic_macros
    Feature record: CXX_FEATURE:0cxx_variadic_templates
Determining if the include file sys/types.h exists passed with the following output:
Change Dir: /home/roger/Projects/ksl/src/CMakeFiles/CMakeTmp

Run Build Command:"/usr/bin/make" "cmTC_70b58/fast"
/usr/bin/make -f CMakeFiles/cmTC_70b58.dir/build.make CMakeFiles/cmTC_70b58.dir/build
make[1]: Entering directory '/home/roger/Projects/ksl/src/CMakeFiles/CMakeTmp'
Building C object CMakeFiles/cmTC_70b58.dir/CheckIncludeFile.c.o
/usr/bin/cc    -o CMakeFiles/cmTC_70b58.dir/CheckIncludeFile.c.o   -c /home/roger/Projects/ksl/src/CMakeFiles/CMakeTmp/CheckIncludeFile.c
Linking C executable cmTC_70b58
/usr/bin/cmake -E cmake_link_script CMakeFiles/cmTC_70b58.dir/link.txt --verbose=1
/usr/bin/cc      -rdynamic CMakeFiles/cmTC_70b58.dir/CheckIncludeFile.c.o  -o cmTC_70b58 
make[1]: Leaving directory '/home/roger/Projects/ksl/src/CMakeFiles/CMakeTmp'


Determining if the include file stdint.h exists passed with the following output:
Change Dir: /home/roger/Projects/ksl/src/CMakeFiles/CMakeTmp

Run Build Command:"/usr/bin/make" "cmTC_98f6e/fast"
/usr/bin/make -f CMakeFiles/cmTC_98f6e.dir/build.make CMakeFiles/cmTC_98f6e.dir/build
make[1]: Entering directory '/home/roger/Projects/ksl/src/CMakeFiles/CMakeTmp'
Building C object CMakeFiles/cmTC_98f6e.dir/CheckIncludeFile.c.o
/usr/bin/cc    -o CMakeFiles/cmTC_98f6e.dir/CheckIncludeFile.c.o   -c /home/roger/Projects/ksl/src/CMakeFiles/CMakeTmp/CheckIncludeFile.c
Linking C executable cmTC_98f6e
/usr/bin/cmake -E cmake_link_script CMakeFiles/cmTC_98f6e.dir/link.txt --verbose=1
/usr/bin/cc      -rdynamic CMakeFiles/cmTC_98f6e.dir/CheckIncludeFile.c.o  -o cmTC_98f6e 
make[1]: Leaving directory '/home/roger/Projects/ksl/src/CMakeFiles/CMakeTmp'


Determining if the include file stddef.h exists passed with the following output:
Change Dir: /home/roger/Projects/ksl/src/CMakeFiles/CMakeTmp

Run Build Command:"/usr/bin/make" "cmTC_d4d22/fast"
/usr/bin/make -f CMakeFiles/cmTC_d4d22.dir/build.make CMakeFiles/cmTC_d4d22.dir/build
make[1]: Entering directory '/home/roger/Projects/ksl/src/CMakeFiles/CMakeTmp'
Building C object CMakeFiles/cmTC_d4d22.dir/CheckIncludeFile.c.o
/usr/bin/cc    -o CMakeFiles/cmTC_d4d22.dir/CheckIncludeFile.c.o   -c /home/roger/Projects/ksl/src/CMakeFiles/CMakeTmp/CheckIncludeFile.c
Linking C executable cmTC_d4d22
/usr/bin/cmake -E cmake_link_script CMakeFiles/cmTC_d4d22.dir/link.txt --verbose=1
/usr/bin/cc      -rdynamic CMakeFiles/cmTC_d4d22.dir/CheckIncludeFile.c.o  -o cmTC_d4d22 
make[1]: Leaving directory '/home/roger/Projects/ksl/src/CMakeFiles/CMakeTmp'


Determining size of intmax_t passed with the following output:
Change Dir: /home/roger/Projects/ksl/src/CMakeFiles/CMakeTmp

Run Build Command:"/usr/bin/make" "cmTC_af481/fast"
/usr/bin/make -f CMakeFiles/cmTC_af481.dir/build.make CMakeFiles/cmTC_af481.dir/build
make[1]: Entering directory '/home/roger/Projects/ksl/src/CMakeFiles/CMakeTmp'
Building C object CMakeFiles/cmTC_af481.dir/INTMAX_T.c.o
/usr/bin/cc    -o CMakeFiles/cmTC_af481.dir/INTMAX_T.c.o   -c /home/roger/Projects/ksl/src/CMakeFiles/CheckTypeSize/INTMAX_T.c
Linking C executable cmTC_af481
/usr/bin/cmake -E cmake_link_script CMakeFiles/cmTC_af481.dir/link.txt --verbose=1
/usr/bin/cc      -rdynamic CMakeFiles/cmTC_af481.dir/INTMAX_T.c.o  -o cmTC_af481 
make[1]: Leaving directory '/home/roger/Projects/ksl/src/CMakeFiles/CMakeTmp'


Determining size of uintmax_t passed with the following output:
Change Dir: /home/roger/Projects/ksl/src/CMakeFiles/CMakeTmp

Run Build Command:"/usr/bin/make" "cmTC_604db/fast"
/usr/bin/make -f CMakeFiles/cmTC_604db.dir/build.make CMakeFiles/cmTC_604db.dir/build
make[1]: Entering directory '/home/roger/Projects/ksl/src/CMakeFiles/CMakeTmp'
Building C object CMakeFiles/cmTC_604db.dir/UINTMAX_T.c.o
/usr/bin/cc    -o CMakeFiles/cmTC_604db.dir/UINTMAX_T.c.o   -c /home/roger/Projects/ksl/src/CMakeFiles/CheckTypeSize/UINTMAX_T.c
Linking C executable cmTC_604db
/usr/bin/cmake -E cmake_link_script CMakeFiles/cmTC_604db.dir/link.txt --verbose=1
/usr/bin/cc      -rdynamic CMakeFiles/cmTC_604db.dir/UINTMAX_T.c.o  -o cmTC_604db 
make[1]: Leaving directory '/home/roger/Projects/ksl/src/CMakeFiles/CMakeTmp'


Determining size of pid_t passed with the following output:
Change Dir: /home/roger/Projects/ksl/src/CMakeFiles/CMakeTmp

Run Build Command:"/usr/bin/make" "cmTC_e7411/fast"
/usr/bin/make -f CMakeFiles/cmTC_e7411.dir/build.make CMakeFiles/cmTC_e7411.dir/build
make[1]: Entering directory '/home/roger/Projects/ksl/src/CMakeFiles/CMakeTmp'
Building C object CMakeFiles/cmTC_e7411.dir/PID_T.c.o
/usr/bin/cc    -o CMakeFiles/cmTC_e7411.dir/PID_T.c.o   -c /home/roger/Projects/ksl/src/CMakeFiles/CheckTypeSize/PID_T.c
Linking C executable cmTC_e7411
/usr/bin/cmake -E cmake_link_script CMakeFiles/cmTC_e7411.dir/link.txt --verbose=1
/usr/bin/cc      -rdynamic CMakeFiles/cmTC_e7411.dir/PID_T.c.o  -o cmTC_e7411 
make[1]: Leaving directory '/home/roger/Projects/ksl/src/CMakeFiles/CMakeTmp'


