Running suite screw
/home/roger/Projects/ksl/test/check_screw.c:24:P:core:test_screw_create:0: Passed
/home/roger/Projects/ksl/test/check_screw.c:40:P:core:test_screwf_create:0: Passed
/home/roger/Projects/ksl/test/check_screw.c:52:P:core:test_screw_alloc:0: Passed
/home/roger/Projects/ksl/test/check_screw.c:66:P:core:test_screwf_alloc:0: Passed
/home/roger/Projects/ksl/test/check_screw.c:76:P:core:test_screw_norm:0: Passed
/home/roger/Projects/ksl/test/check_screw.c:84:P:core:test_screwf_norm:0: Passed
/home/roger/Projects/ksl/test/check_screw.c:104:P:core:test_screw_normalize:0: Passed
/home/roger/Projects/ksl/test/check_screw.c:124:P:core:test_screwf_normalize:0: Passed
/home/roger/Projects/ksl/test/check_screw.c:131:P:core:test_dot_cs:0: Passed
/home/roger/Projects/ksl/test/check_screw.c:138:P:core:test_dot_csf:0: Passed
/home/roger/Projects/ksl/test/check_screw.c:151:P:core:test_axpy_ss:0: Passed
/home/roger/Projects/ksl/test/check_screw.c:164:P:core:test_axpy_ssf:0: Passed
/home/roger/Projects/ksl/test/check_screw.c:177:P:core:test_screw_copy:0: Passed
/home/roger/Projects/ksl/test/check_screw.c:190:P:core:test_screwf_copy:0: Passed
/home/roger/Projects/ksl/test/check_screw.c:203:P:core:test_screw_inverted:0: Passed
/home/roger/Projects/ksl/test/check_screw.c:216:P:core:test_screwf_inverted:0: Passed
/home/roger/Projects/ksl/test/check_screw.c:228:P:core:test_screw_invert:0: Passed
/home/roger/Projects/ksl/test/check_screw.c:240:P:core:test_screwf_invert:0: Passed
/home/roger/Projects/ksl/test/check_screw.c:253:P:core:test_product_as:0: Passed
/home/roger/Projects/ksl/test/check_screw.c:266:P:core:test_product_asf:0: Passed
/home/roger/Projects/ksl/test/check_screw.c:279:P:core:test_add_ss:0: Passed
/home/roger/Projects/ksl/test/check_screw.c:292:P:core:test_add_ssf:0: Passed
/home/roger/Projects/ksl/test/check_screw.c:305:P:core:test_xpy_ss:0: Passed
/home/roger/Projects/ksl/test/check_screw.c:318:P:core:test_xpy_ssf:0: Passed
/home/roger/Projects/ksl/test/check_screw.c:331:P:core:test_subtract_ss:0: Passed
/home/roger/Projects/ksl/test/check_screw.c:344:P:core:test_subtract_ssf:0: Passed
/home/roger/Projects/ksl/test/check_screw.c:357:P:core:test_nxpy_ss:0: Passed
/home/roger/Projects/ksl/test/check_screw.c:370:P:core:test_nxpy_ssf:0: Passed
/home/roger/Projects/ksl/test/check_screw.c:383:P:core:test_add_sst:0: Passed
/home/roger/Projects/ksl/test/check_screw.c:396:P:core:test_add_sstf:0: Passed
/home/roger/Projects/ksl/test/check_screw.c:412:P:core:test_htx:0: Passed
/home/roger/Projects/ksl/test/check_screw.c:428:P:core:test_htxf:0: Passed
/home/roger/Projects/ksl/test/check_screw.c:444:P:core:test_hty:0: Passed
/home/roger/Projects/ksl/test/check_screw.c:460:P:core:test_htyf:0: Passed
/home/roger/Projects/ksl/test/check_screw.c:476:P:core:test_htz:0: Passed
/home/roger/Projects/ksl/test/check_screw.c:492:P:core:test_htzf:0: Passed
/home/roger/Projects/ksl/test/check_screw.c:508:P:core:test_hrx:0: Passed
/home/roger/Projects/ksl/test/check_screw.c:524:P:core:test_hrxf:0: Passed
/home/roger/Projects/ksl/test/check_screw.c:540:P:core:test_hry:0: Passed
/home/roger/Projects/ksl/test/check_screw.c:556:P:core:test_hryf:0: Passed
/home/roger/Projects/ksl/test/check_screw.c:572:P:core:test_hrz:0: Passed
/home/roger/Projects/ksl/test/check_screw.c:588:P:core:test_hrzf:0: Passed
/home/roger/Projects/ksl/test/check_screw.c:604:P:core:test_htxinv:0: Passed
/home/roger/Projects/ksl/test/check_screw.c:620:P:core:test_htxinvf:0: Passed
/home/roger/Projects/ksl/test/check_screw.c:636:P:core:test_htyinv:0: Passed
/home/roger/Projects/ksl/test/check_screw.c:652:P:core:test_htyinvf:0: Passed
/home/roger/Projects/ksl/test/check_screw.c:668:P:core:test_htzinv:0: Passed
/home/roger/Projects/ksl/test/check_screw.c:684:P:core:test_htzinvf:0: Passed
/home/roger/Projects/ksl/test/check_screw.c:700:P:core:test_hrxinv:0: Passed
/home/roger/Projects/ksl/test/check_screw.c:716:P:core:test_hrxinvf:0: Passed
/home/roger/Projects/ksl/test/check_screw.c:732:P:core:test_hryinv:0: Passed
/home/roger/Projects/ksl/test/check_screw.c:748:P:core:test_hryinvf:0: Passed
/home/roger/Projects/ksl/test/check_screw.c:764:P:core:test_hrzinv:0: Passed
/home/roger/Projects/ksl/test/check_screw.c:780:P:core:test_hrzinvf:0: Passed
/home/roger/Projects/ksl/test/check_screw.c:794:P:core:test_cross_ss:0: Passed
/home/roger/Projects/ksl/test/check_screw.c:808:P:core:test_cross_ssf:0: Passed
/home/roger/Projects/ksl/test/check_screw.c:822:P:core:test_cross_sst:0: Passed
/home/roger/Projects/ksl/test/check_screw.c:836:P:core:test_cross_sstf:0: Passed
/home/roger/Projects/ksl/test/check_screw.c:850:P:core:test_product_Adrs:0: Passed
/home/roger/Projects/ksl/test/check_screw.c:864:P:core:test_product_Adrsf:0: Passed
/home/roger/Projects/ksl/test/check_screw.c:879:P:core:test_product_Ads:0: Passed
/home/roger/Projects/ksl/test/check_screw.c:894:P:core:test_product_Adsf:0: Passed
/home/roger/Projects/ksl/test/check_screw.c:908:P:core:test_product_Adrsinv:0: Passed
/home/roger/Projects/ksl/test/check_screw.c:922:P:core:test_product_Adrsinvf:0: Passed
/home/roger/Projects/ksl/test/check_screw.c:936:P:core:test_product_Adrinvs:0: Passed
/home/roger/Projects/ksl/test/check_screw.c:950:P:core:test_product_Adrinvsf:0: Passed
/home/roger/Projects/ksl/test/check_screw.c:964:P:core:test_product_Adts:0: Passed
/home/roger/Projects/ksl/test/check_screw.c:978:P:core:test_product_Adtsf:0: Passed
/home/roger/Projects/ksl/test/check_screw.c:992:P:core:test_product_Adtinvs:0: Passed
/home/roger/Projects/ksl/test/check_screw.c:1006:P:core:test_product_Adtinvsf:0: Passed
/home/roger/Projects/ksl/test/check_screw.c:1020:P:core:test_product_Adtsinv:0: Passed
/home/roger/Projects/ksl/test/check_screw.c:1034:P:core:test_product_Adtsinvf:0: Passed
/home/roger/Projects/ksl/test/check_screw.c:1049:P:core:test_product_Adinvs:0: Passed
/home/roger/Projects/ksl/test/check_screw.c:1064:P:core:test_product_Adinvsf:0: Passed
Results for all suites run:
100%: Checks: 74, Failures: 0, Errors: 0
