Running suite quaternion
/home/roger/Projects/ksl/test/check_quaternion.c:27:P:core:test_quaternion_create:0: Passed
/home/roger/Projects/ksl/test/check_quaternion.c:44:P:core:test_quaternionf_create:0: Passed
/home/roger/Projects/ksl/test/check_quaternion.c:54:P:core:test_quaternion_unit:0: Passed
/home/roger/Projects/ksl/test/check_quaternion.c:64:P:core:test_quaternionf_unit:0: Passed
/home/roger/Projects/ksl/test/check_quaternion.c:76:P:core:test_quaternion_alloc:0: Passed
/home/roger/Projects/ksl/test/check_quaternion.c:89:P:core:test_quaternionf_alloc:0: Passed
/home/roger/Projects/ksl/test/check_quaternion.c:100:P:core:test_quaternion_maxIndex:0: Passed
/home/roger/Projects/ksl/test/check_quaternion.c:110:P:core:test_quaternionf_maxIndex:0: Passed
/home/roger/Projects/ksl/test/check_quaternion.c:117:P:core:test_dot_qq:0: Passed
/home/roger/Projects/ksl/test/check_quaternion.c:124:P:core:test_dot_qqf:0: Passed
/home/roger/Projects/ksl/test/check_quaternion.c:135:P:core:test_quaternion_normalize:0: Passed
/home/roger/Projects/ksl/test/check_quaternion.c:146:P:core:test_quaternionf_normalize:0: Passed
/home/roger/Projects/ksl/test/check_quaternion.c:158:P:core:test_axpy_qq:0: Passed
/home/roger/Projects/ksl/test/check_quaternion.c:170:P:core:test_axpy_qqf:0: Passed
/home/roger/Projects/ksl/test/check_quaternion.c:181:P:core:test_xpy_qq:0: Passed
/home/roger/Projects/ksl/test/check_quaternion.c:192:P:core:test_xpy_qqf:0: Passed
/home/roger/Projects/ksl/test/check_quaternion.c:203:P:core:test_nxpy_qq:0: Passed
/home/roger/Projects/ksl/test/check_quaternion.c:214:P:core:test_nxpy_qqf:0: Passed
/home/roger/Projects/ksl/test/check_quaternion.c:273:P:core:test_mat3x3_to_quaternion:0: Passed
/home/roger/Projects/ksl/test/check_quaternion.c:339:P:core:test_mat3x3f_to_quaternionf:0: Passed
/home/roger/Projects/ksl/test/check_quaternion.c:366:P:core:test_quaternion_to_mat3x3:0: Passed
/home/roger/Projects/ksl/test/check_quaternion.c:393:P:core:test_quaternionf_to_mat3x3f:0: Passed
/home/roger/Projects/ksl/test/check_quaternion.c:417:P:core:test_dpi_p_to_dq:0: Passed
/home/roger/Projects/ksl/test/check_quaternion.c:434:P:core:test_dpi_pf_to_dqf:0: Passed
/home/roger/Projects/ksl/test/check_quaternion.c:451:P:core:test_dpi_c_to_dq:0: Passed
/home/roger/Projects/ksl/test/check_quaternion.c:468:P:core:test_dpi_cf_to_dqf:0: Passed
/home/roger/Projects/ksl/test/check_quaternion.c:483:P:core:test_dq_to_dpi_p:0: Passed
/home/roger/Projects/ksl/test/check_quaternion.c:498:P:core:test_dqf_to_dpi_pf:0: Passed
/home/roger/Projects/ksl/test/check_quaternion.c:513:P:core:test_dq_to_dpi_c:0: Passed
/home/roger/Projects/ksl/test/check_quaternion.c:528:P:core:test_dqf_to_dpi_cf:0: Passed
/home/roger/Projects/ksl/test/check_quaternion.c:545:P:core:test_product_qq:0: Passed
/home/roger/Projects/ksl/test/check_quaternion.c:562:P:core:test_product_qqf:0: Passed
/home/roger/Projects/ksl/test/check_quaternion.c:579:P:core:test_product_qconjq:0: Passed
/home/roger/Projects/ksl/test/check_quaternion.c:596:P:core:test_product_qconjqf:0: Passed
/home/roger/Projects/ksl/test/check_quaternion.c:613:P:core:test_product_qqconj:0: Passed
/home/roger/Projects/ksl/test/check_quaternion.c:630:P:core:test_product_qqconjf:0: Passed
/home/roger/Projects/ksl/test/check_quaternion.c:647:P:core:test_product_qconjqconj:0: Passed
/home/roger/Projects/ksl/test/check_quaternion.c:664:P:core:test_product_qconjqconjf:0: Passed
/home/roger/Projects/ksl/test/check_quaternion.c:681:P:core:test_product_qxq:0: Passed
/home/roger/Projects/ksl/test/check_quaternion.c:698:P:core:test_product_qxqf:0: Passed
/home/roger/Projects/ksl/test/check_quaternion.c:715:P:core:test_product_qqx:0: Passed
/home/roger/Projects/ksl/test/check_quaternion.c:732:P:core:test_product_qqxf:0: Passed
/home/roger/Projects/ksl/test/check_quaternion.c:749:P:core:test_product_qxconjq:0: Passed
/home/roger/Projects/ksl/test/check_quaternion.c:766:P:core:test_product_qxconjqf:0: Passed
/home/roger/Projects/ksl/test/check_quaternion.c:783:P:core:test_product_qconjqx:0: Passed
/home/roger/Projects/ksl/test/check_quaternion.c:800:P:core:test_product_qconjqxf:0: Passed
/home/roger/Projects/ksl/test/check_quaternion.c:817:P:core:test_product_qxqconj:0: Passed
/home/roger/Projects/ksl/test/check_quaternion.c:834:P:core:test_product_qxqconjf:0: Passed
/home/roger/Projects/ksl/test/check_quaternion.c:851:P:core:test_product_qqxconj:0: Passed
/home/roger/Projects/ksl/test/check_quaternion.c:868:P:core:test_product_qqxconjf:0: Passed
/home/roger/Projects/ksl/test/check_quaternion.c:885:P:core:test_product_qxconjqconj:0: Passed
/home/roger/Projects/ksl/test/check_quaternion.c:902:P:core:test_product_qxconjqconjf:0: Passed
/home/roger/Projects/ksl/test/check_quaternion.c:919:P:core:test_product_qconjqxconj:0: Passed
/home/roger/Projects/ksl/test/check_quaternion.c:936:P:core:test_product_qconjqxconjf:0: Passed
/home/roger/Projects/ksl/test/check_quaternion.c:954:P:core:test_product_qyq:0: Passed
/home/roger/Projects/ksl/test/check_quaternion.c:971:P:core:test_product_qyqf:0: Passed
/home/roger/Projects/ksl/test/check_quaternion.c:988:P:core:test_product_qqy:0: Passed
/home/roger/Projects/ksl/test/check_quaternion.c:1005:P:core:test_product_qqyf:0: Passed
/home/roger/Projects/ksl/test/check_quaternion.c:1022:P:core:test_product_qyconjq:0: Passed
/home/roger/Projects/ksl/test/check_quaternion.c:1039:P:core:test_product_qyconjqf:0: Passed
/home/roger/Projects/ksl/test/check_quaternion.c:1056:P:core:test_product_qconjqy:0: Passed
/home/roger/Projects/ksl/test/check_quaternion.c:1073:P:core:test_product_qconjqyf:0: Passed
/home/roger/Projects/ksl/test/check_quaternion.c:1090:P:core:test_product_qyqconj:0: Passed
/home/roger/Projects/ksl/test/check_quaternion.c:1107:P:core:test_product_qyqconjf:0: Passed
/home/roger/Projects/ksl/test/check_quaternion.c:1124:P:core:test_product_qqyconj:0: Passed
/home/roger/Projects/ksl/test/check_quaternion.c:1141:P:core:test_product_qqyconjf:0: Passed
/home/roger/Projects/ksl/test/check_quaternion.c:1158:P:core:test_product_qyconjqconj:0: Passed
/home/roger/Projects/ksl/test/check_quaternion.c:1175:P:core:test_product_qyconjqconjf:0: Passed
/home/roger/Projects/ksl/test/check_quaternion.c:1192:P:core:test_product_qconjqyconj:0: Passed
/home/roger/Projects/ksl/test/check_quaternion.c:1209:P:core:test_product_qconjqyconjf:0: Passed
/home/roger/Projects/ksl/test/check_quaternion.c:954:P:core:test_product_qyq:0: Passed
/home/roger/Projects/ksl/test/check_quaternion.c:971:P:core:test_product_qyqf:0: Passed
/home/roger/Projects/ksl/test/check_quaternion.c:988:P:core:test_product_qqy:0: Passed
/home/roger/Projects/ksl/test/check_quaternion.c:1005:P:core:test_product_qqyf:0: Passed
/home/roger/Projects/ksl/test/check_quaternion.c:1022:P:core:test_product_qyconjq:0: Passed
/home/roger/Projects/ksl/test/check_quaternion.c:1039:P:core:test_product_qyconjqf:0: Passed
/home/roger/Projects/ksl/test/check_quaternion.c:1056:P:core:test_product_qconjqy:0: Passed
/home/roger/Projects/ksl/test/check_quaternion.c:1073:P:core:test_product_qconjqyf:0: Passed
/home/roger/Projects/ksl/test/check_quaternion.c:1090:P:core:test_product_qyqconj:0: Passed
/home/roger/Projects/ksl/test/check_quaternion.c:1107:P:core:test_product_qyqconjf:0: Passed
/home/roger/Projects/ksl/test/check_quaternion.c:1124:P:core:test_product_qqyconj:0: Passed
/home/roger/Projects/ksl/test/check_quaternion.c:1141:P:core:test_product_qqyconjf:0: Passed
/home/roger/Projects/ksl/test/check_quaternion.c:1158:P:core:test_product_qyconjqconj:0: Passed
/home/roger/Projects/ksl/test/check_quaternion.c:1175:P:core:test_product_qyconjqconjf:0: Passed
/home/roger/Projects/ksl/test/check_quaternion.c:1192:P:core:test_product_qconjqyconj:0: Passed
/home/roger/Projects/ksl/test/check_quaternion.c:1209:P:core:test_product_qconjqyconjf:0: Passed
/home/roger/Projects/ksl/test/check_quaternion.c:1227:P:core:test_product_qzq:0: Passed
/home/roger/Projects/ksl/test/check_quaternion.c:1244:P:core:test_product_qzqf:0: Passed
/home/roger/Projects/ksl/test/check_quaternion.c:1261:P:core:test_product_qqz:0: Passed
/home/roger/Projects/ksl/test/check_quaternion.c:1278:P:core:test_product_qqzf:0: Passed
/home/roger/Projects/ksl/test/check_quaternion.c:1295:P:core:test_product_qzconjq:0: Passed
/home/roger/Projects/ksl/test/check_quaternion.c:1312:P:core:test_product_qzconjqf:0: Passed
/home/roger/Projects/ksl/test/check_quaternion.c:1329:P:core:test_product_qconjqz:0: Passed
/home/roger/Projects/ksl/test/check_quaternion.c:1346:P:core:test_product_qconjqzf:0: Passed
/home/roger/Projects/ksl/test/check_quaternion.c:1363:P:core:test_product_qzqconj:0: Passed
/home/roger/Projects/ksl/test/check_quaternion.c:1380:P:core:test_product_qzqconjf:0: Passed
/home/roger/Projects/ksl/test/check_quaternion.c:1397:P:core:test_product_qqzconj:0: Passed
/home/roger/Projects/ksl/test/check_quaternion.c:1414:P:core:test_product_qqzconjf:0: Passed
/home/roger/Projects/ksl/test/check_quaternion.c:1431:P:core:test_product_qzconjqconj:0: Passed
/home/roger/Projects/ksl/test/check_quaternion.c:1448:P:core:test_product_qzconjqconjf:0: Passed
/home/roger/Projects/ksl/test/check_quaternion.c:1465:P:core:test_product_qconjqzconj:0: Passed
/home/roger/Projects/ksl/test/check_quaternion.c:1482:P:core:test_product_qconjqzconjf:0: Passed
/home/roger/Projects/ksl/test/check_quaternion.c:1499:P:core:test_product_qv:0: Passed
/home/roger/Projects/ksl/test/check_quaternion.c:1516:P:core:test_product_qvf:0: Passed
/home/roger/Projects/ksl/test/check_quaternion.c:1533:P:core:test_product_qconjv:0: Passed
/home/roger/Projects/ksl/test/check_quaternion.c:1550:P:core:test_product_qconjvf:0: Passed
/home/roger/Projects/ksl/test/check_quaternion.c:1567:P:core:test_product_vq:0: Passed
/home/roger/Projects/ksl/test/check_quaternion.c:1584:P:core:test_product_vqf:0: Passed
/home/roger/Projects/ksl/test/check_quaternion.c:1601:P:core:test_product_vqconj:0: Passed
/home/roger/Projects/ksl/test/check_quaternion.c:1618:P:core:test_product_vqconjf:0: Passed
Results for all suites run:
100%: Checks: 110, Failures: 0, Errors: 0
