Running suite coscrew
/home/roger/Projects/ksl/test/check_coscrew.c:22:P:core:test_coscrew_create:0: Passed
/home/roger/Projects/ksl/test/check_coscrew.c:38:P:core:test_coscrewf_create:0: Passed
/home/roger/Projects/ksl/test/check_coscrew.c:50:P:core:test_coscrew_alloc:0: Passed
/home/roger/Projects/ksl/test/check_coscrew.c:64:P:core:test_coscrewf_alloc:0: Passed
/home/roger/Projects/ksl/test/check_coscrew.c:74:P:core:test_coscrew_norm:0: Passed
/home/roger/Projects/ksl/test/check_coscrew.c:82:P:core:test_coscrewf_norm:0: Passed
/home/roger/Projects/ksl/test/check_coscrew.c:102:P:core:test_coscrew_normalize:0: Passed
/home/roger/Projects/ksl/test/check_coscrew.c:122:P:core:test_coscrewf_normalize:0: Passed
/home/roger/Projects/ksl/test/check_coscrew.c:132:P:core:test_coscrew_scale:0: Passed
/home/roger/Projects/ksl/test/check_coscrew.c:143:P:core:test_coscrewf_scale:0: Passed
/home/roger/Projects/ksl/test/check_coscrew.c:157:P:core:test_coscrew_copy:0: Passed
/home/roger/Projects/ksl/test/check_coscrew.c:170:P:core:test_coscrewf_copy:0: Passed
/home/roger/Projects/ksl/test/check_coscrew.c:182:P:core:test_coscrew_invert:0: Passed
/home/roger/Projects/ksl/test/check_coscrew.c:194:P:core:test_coscrewf_invert:0: Passed
/home/roger/Projects/ksl/test/check_coscrew.c:207:P:core:test_coscrew_inverted:0: Passed
/home/roger/Projects/ksl/test/check_coscrew.c:220:P:core:test_coscrewf_inverted:0: Passed
/home/roger/Projects/ksl/test/check_coscrew.c:233:P:core:test_axpy_cc:0: Passed
/home/roger/Projects/ksl/test/check_coscrew.c:246:P:core:test_axpy_ccf:0: Passed
/home/roger/Projects/ksl/test/check_coscrew.c:259:P:core:test_xpy_cc:0: Passed
/home/roger/Projects/ksl/test/check_coscrew.c:272:P:core:test_xpy_ccf:0: Passed
/home/roger/Projects/ksl/test/check_coscrew.c:285:P:core:test_nxpy_cc:0: Passed
/home/roger/Projects/ksl/test/check_coscrew.c:298:P:core:test_nxpy_ccf:0: Passed
/home/roger/Projects/ksl/test/check_coscrew.c:311:P:core:test_product_ac:0: Passed
/home/roger/Projects/ksl/test/check_coscrew.c:324:P:core:test_product_acf:0: Passed
/home/roger/Projects/ksl/test/check_coscrew.c:338:P:core:test_add_cc:0: Passed
/home/roger/Projects/ksl/test/check_coscrew.c:352:P:core:test_add_ccf:0: Passed
/home/roger/Projects/ksl/test/check_coscrew.c:366:P:core:test_subtract_cc:0: Passed
/home/roger/Projects/ksl/test/check_coscrew.c:380:P:core:test_subtract_ccf:0: Passed
/home/roger/Projects/ksl/test/check_coscrew.c:394:P:core:test_add_cct:0: Passed
/home/roger/Projects/ksl/test/check_coscrew.c:408:P:core:test_add_cctf:0: Passed
/home/roger/Projects/ksl/test/check_coscrew.c:425:P:core:test_hctx:0: Passed
/home/roger/Projects/ksl/test/check_coscrew.c:442:P:core:test_hctxf:0: Passed
/home/roger/Projects/ksl/test/check_coscrew.c:459:P:core:test_hcty:0: Passed
/home/roger/Projects/ksl/test/check_coscrew.c:476:P:core:test_hctyf:0: Passed
/home/roger/Projects/ksl/test/check_coscrew.c:493:P:core:test_hctz:0: Passed
/home/roger/Projects/ksl/test/check_coscrew.c:510:P:core:test_hctzf:0: Passed
/home/roger/Projects/ksl/test/check_coscrew.c:527:P:core:test_hcrx:0: Passed
/home/roger/Projects/ksl/test/check_coscrew.c:544:P:core:test_hcrxf:0: Passed
/home/roger/Projects/ksl/test/check_coscrew.c:561:P:core:test_hcry:0: Passed
/home/roger/Projects/ksl/test/check_coscrew.c:578:P:core:test_hcryf:0: Passed
/home/roger/Projects/ksl/test/check_coscrew.c:595:P:core:test_hcrz:0: Passed
/home/roger/Projects/ksl/test/check_coscrew.c:612:P:core:test_hcrzf:0: Passed
/home/roger/Projects/ksl/test/check_coscrew.c:629:P:core:test_hctxinv:0: Passed
/home/roger/Projects/ksl/test/check_coscrew.c:646:P:core:test_hctxinvf:0: Passed
/home/roger/Projects/ksl/test/check_coscrew.c:663:P:core:test_hctyinv:0: Passed
/home/roger/Projects/ksl/test/check_coscrew.c:680:P:core:test_hctyinvf:0: Passed
/home/roger/Projects/ksl/test/check_coscrew.c:697:P:core:test_hctzinv:0: Passed
/home/roger/Projects/ksl/test/check_coscrew.c:714:P:core:test_hctzinvf:0: Passed
/home/roger/Projects/ksl/test/check_coscrew.c:731:P:core:test_hcrxinv:0: Passed
/home/roger/Projects/ksl/test/check_coscrew.c:748:P:core:test_hcrxinvf:0: Passed
/home/roger/Projects/ksl/test/check_coscrew.c:765:P:core:test_hcryinv:0: Passed
/home/roger/Projects/ksl/test/check_coscrew.c:782:P:core:test_hcryinvf:0: Passed
/home/roger/Projects/ksl/test/check_coscrew.c:799:P:core:test_hcrzinv:0: Passed
/home/roger/Projects/ksl/test/check_coscrew.c:816:P:core:test_hcrzinvf:0: Passed
/home/roger/Projects/ksl/test/check_coscrew.c:830:P:core:test_cross_sc:0: Passed
/home/roger/Projects/ksl/test/check_coscrew.c:844:P:core:test_cross_scf:0: Passed
/home/roger/Projects/ksl/test/check_coscrew.c:858:P:core:test_cross_sca:0: Passed
/home/roger/Projects/ksl/test/check_coscrew.c:872:P:core:test_cross_scaf:0: Passed
/home/roger/Projects/ksl/test/check_coscrew.c:889:P:core:test_product_CoAdrc:0: Passed
/home/roger/Projects/ksl/test/check_coscrew.c:907:P:core:test_product_CoAdrcf:0: Passed
/home/roger/Projects/ksl/test/check_coscrew.c:924:P:core:test_product_CoAdrcinv:0: Passed
/home/roger/Projects/ksl/test/check_coscrew.c:941:P:core:test_product_CoAdrcinvf:0: Passed
/home/roger/Projects/ksl/test/check_coscrew.c:958:P:core:test_product_CoAdrinvc:0: Passed
/home/roger/Projects/ksl/test/check_coscrew.c:975:P:core:test_product_CoAdrinvcf:0: Passed
/home/roger/Projects/ksl/test/check_coscrew.c:989:P:core:test_product_CoAdtc:0: Passed
/home/roger/Projects/ksl/test/check_coscrew.c:1003:P:core:test_product_CoAdtcf:0: Passed
/home/roger/Projects/ksl/test/check_coscrew.c:1017:P:core:test_product_CoAdtinvc:0: Passed
/home/roger/Projects/ksl/test/check_coscrew.c:1031:P:core:test_product_CoAdtinvcf:0: Passed
/home/roger/Projects/ksl/test/check_coscrew.c:1045:P:core:test_product_CoAdtcinv:0: Passed
/home/roger/Projects/ksl/test/check_coscrew.c:1059:P:core:test_product_CoAdtcinvf:0: Passed
/home/roger/Projects/ksl/test/check_coscrew.c:1076:P:core:test_product_CoAdc:0: Passed
/home/roger/Projects/ksl/test/check_coscrew.c:1093:P:core:test_product_CoAdcf:0: Passed
/home/roger/Projects/ksl/test/check_coscrew.c:1110:P:core:test_product_CoAdcinv:0: Passed
/home/roger/Projects/ksl/test/check_coscrew.c:1127:P:core:test_product_CoAdcinvf:0: Passed
/home/roger/Projects/ksl/test/check_coscrew.c:1144:P:core:test_product_CoAdinvc:0: Passed
/home/roger/Projects/ksl/test/check_coscrew.c:1161:P:core:test_product_CoAdinvcf:0: Passed
Results for all suites run:
100%: Checks: 76, Failures: 0, Errors: 0
