Running suite vector
/home/roger/Projects/ksl/test/check_vector.c:17:P:core:test_vec3_create:0: Passed
/home/roger/Projects/ksl/test/check_vector.c:25:P:core:test_vec3f_create:0: Passed
/home/roger/Projects/ksl/test/check_vector.c:33:P:core:test_vec3i_create:0: Passed
/home/roger/Projects/ksl/test/check_vector.c:42:P:core:test_vec4_create:0: Passed
/home/roger/Projects/ksl/test/check_vector.c:51:P:core:test_vec4f_create:0: Passed
/home/roger/Projects/ksl/test/check_vector.c:60:P:core:test_vec4i_create:0: Passed
/home/roger/Projects/ksl/test/check_vector.c:70:P:core:test_vec3_alloc:0: Passed
/home/roger/Projects/ksl/test/check_vector.c:81:P:core:test_vec3f_alloc:0: Passed
/home/roger/Projects/ksl/test/check_vector.c:92:P:core:test_vec3i_alloc:0: Passed
/home/roger/Projects/ksl/test/check_vector.c:105:P:core:test_vec4_alloc:0: Passed
/home/roger/Projects/ksl/test/check_vector.c:118:P:core:test_vec4f_alloc:0: Passed
/home/roger/Projects/ksl/test/check_vector.c:130:P:core:test_vec4i_alloc:0: Passed
/home/roger/Projects/ksl/test/check_vector.c:137:P:core:test_vec3_l2norm:0: Passed
/home/roger/Projects/ksl/test/check_vector.c:143:P:core:test_vec3f_l2norm:0: Passed
/home/roger/Projects/ksl/test/check_vector.c:149:P:core:test_vec4_l2norm:0: Passed
/home/roger/Projects/ksl/test/check_vector.c:155:P:core:test_vec4f_l2norm:0: Passed
/home/roger/Projects/ksl/test/check_vector.c:169:P:core:test_vec3_normalize:0: Passed
/home/roger/Projects/ksl/test/check_vector.c:183:P:core:test_vec3f_normalize:0: Passed
/home/roger/Projects/ksl/test/check_vector.c:199:P:core:test_vec4_normalize:0: Passed
/home/roger/Projects/ksl/test/check_vector.c:215:P:core:test_vec4f_normalize:0: Passed
/home/roger/Projects/ksl/test/check_vector.c:225:P:core:test_vec3_scale:0: Passed
/home/roger/Projects/ksl/test/check_vector.c:235:P:core:test_vec3f_scale:0: Passed
/home/roger/Projects/ksl/test/check_vector.c:246:P:core:test_vec4_scale:0: Passed
/home/roger/Projects/ksl/test/check_vector.c:257:P:core:test_vec4f_scale:0: Passed
/home/roger/Projects/ksl/test/check_vector.c:265:P:core:test_vec3_copy:0: Passed
/home/roger/Projects/ksl/test/check_vector.c:273:P:core:test_vec3f_copy:0: Passed
/home/roger/Projects/ksl/test/check_vector.c:282:P:core:test_vec4_copy:0: Passed
/home/roger/Projects/ksl/test/check_vector.c:291:P:core:test_vec4f_copy:0: Passed
/home/roger/Projects/ksl/test/check_vector.c:300:P:core:test_vec3_swap:0: Passed
/home/roger/Projects/ksl/test/check_vector.c:309:P:core:test_vec3f_swap:0: Passed
/home/roger/Projects/ksl/test/check_vector.c:318:P:core:test_vec4_swap:0: Passed
/home/roger/Projects/ksl/test/check_vector.c:327:P:core:test_vec4f_swap:0: Passed
/home/roger/Projects/ksl/test/check_vector.c:335:P:core:test_vec3_inverted:0: Passed
/home/roger/Projects/ksl/test/check_vector.c:342:P:core:test_vec3_invert:0: Passed
/home/roger/Projects/ksl/test/check_vector.c:350:P:core:test_vec3f_inverted:0: Passed
/home/roger/Projects/ksl/test/check_vector.c:357:P:core:test_vec3f_invert:0: Passed
/home/roger/Projects/ksl/test/check_vector.c:365:P:core:test_vec4_inverted:0: Passed
/home/roger/Projects/ksl/test/check_vector.c:372:P:core:test_vec4_invert:0: Passed
/home/roger/Projects/ksl/test/check_vector.c:380:P:core:test_vec4f_inverted:0: Passed
/home/roger/Projects/ksl/test/check_vector.c:387:P:core:test_vec4f_invert:0: Passed
/home/roger/Projects/ksl/test/check_vector.c:394:P:core:test_dot_vv:0: Passed
/home/roger/Projects/ksl/test/check_vector.c:401:P:core:test_dot_vvf:0: Passed
/home/roger/Projects/ksl/test/check_vector.c:411:P:core:test_product_av:0: Passed
/home/roger/Projects/ksl/test/check_vector.c:421:P:core:test_product_avinv:0: Passed
/home/roger/Projects/ksl/test/check_vector.c:431:P:core:test_product_ainvv:0: Passed
/home/roger/Projects/ksl/test/check_vector.c:441:P:core:test_product_avinvf:0: Passed
/home/roger/Projects/ksl/test/check_vector.c:451:P:core:test_product_avf:0: Passed
/home/roger/Projects/ksl/test/check_vector.c:462:P:core:test_add_vv:0: Passed
/home/roger/Projects/ksl/test/check_vector.c:473:P:core:test_add_vvf:0: Passed
/home/roger/Projects/ksl/test/check_vector.c:484:P:core:test_subtract_vv:0: Passed
/home/roger/Projects/ksl/test/check_vector.c:495:P:core:test_subtract_vvf:0: Passed
/home/roger/Projects/ksl/test/check_vector.c:505:P:core:test_xpy_vv:0: Passed
/home/roger/Projects/ksl/test/check_vector.c:515:P:core:test_xpy_vvf:0: Passed
/home/roger/Projects/ksl/test/check_vector.c:525:P:core:test_nxpy_vv:0: Passed
/home/roger/Projects/ksl/test/check_vector.c:535:P:core:test_nxpy_vvf:0: Passed
/home/roger/Projects/ksl/test/check_vector.c:546:P:core:test_axpy_vv:0: Passed
/home/roger/Projects/ksl/test/check_vector.c:557:P:core:test_axpy_vvf:0: Passed
/home/roger/Projects/ksl/test/check_vector.c:568:P:core:test_cross_vv:0: Passed
/home/roger/Projects/ksl/test/check_vector.c:579:P:core:test_cross_vvinv:0: Passed
/home/roger/Projects/ksl/test/check_vector.c:590:P:core:test_cross_vvf:0: Passed
/home/roger/Projects/ksl/test/check_vector.c:601:P:core:test_cross_vvinvf:0: Passed
/home/roger/Projects/ksl/test/check_vector.c:612:P:core:test_add_vvx:0: Passed
/home/roger/Projects/ksl/test/check_vector.c:623:P:core:test_add_vvxf:0: Passed
/home/roger/Projects/ksl/test/check_vector.c:634:P:core:test_add_vvxinv:0: Passed
/home/roger/Projects/ksl/test/check_vector.c:645:P:core:test_add_vvxinvf:0: Passed
/home/roger/Projects/ksl/test/check_vector.c:656:P:core:test_add_vvy:0: Passed
/home/roger/Projects/ksl/test/check_vector.c:667:P:core:test_add_vvyf:0: Passed
/home/roger/Projects/ksl/test/check_vector.c:678:P:core:test_add_vvyinv:0: Passed
/home/roger/Projects/ksl/test/check_vector.c:689:P:core:test_add_vvyinvf:0: Passed
/home/roger/Projects/ksl/test/check_vector.c:700:P:core:test_add_vvz:0: Passed
/home/roger/Projects/ksl/test/check_vector.c:711:P:core:test_add_vvzf:0: Passed
/home/roger/Projects/ksl/test/check_vector.c:722:P:core:test_add_vvzinv:0: Passed
/home/roger/Projects/ksl/test/check_vector.c:733:P:core:test_add_vvzinvf:0: Passed
Results for all suites run:
100%: Checks: 73, Failures: 0, Errors: 0
